2023-12-11 12:01:00,881 - INFO - ----------> Packages Loaded Successfully 
2023-12-11 12:01:03,864 - INFO - Transformation Succefull
2023-12-11 12:01:07,776 - INFO - Connected to elastic search Successfully
2023-12-11 12:01:11,504 - INFO - User Rating Average : 13
2023-12-11 12:01:11,514 - INFO - User Rating Average : 13
2023-12-11 12:01:12,267 - INFO - Connected to elastic search Successfully
2023-12-11 12:01:13,519 - INFO - User Rating Average : 14
2023-12-11 12:01:15,785 - INFO - User Rating Average : 15
2023-12-11 12:01:15,787 - INFO - Connected to elastic search Successfully
2023-12-11 12:01:17,393 - INFO - User Rating Average : 16
2023-12-11 12:01:18,487 - INFO - Connected to elastic search Successfully
2023-12-11 12:01:19,775 - INFO - User Rating Average : 17
2023-12-11 12:01:21,079 - INFO - User Rating Average : 18
2023-12-11 12:01:21,594 - INFO - Connected to elastic search Successfully
2023-12-11 12:01:22,590 - INFO - User Rating Average : 19
2023-12-11 12:01:23,079 - INFO - Connected to elastic search Successfully
2023-12-11 12:01:23,775 - INFO - User Rating Average : 19
2023-12-11 12:01:25,000 - INFO - Connected to elastic search Successfully
2023-12-11 12:01:25,058 - INFO - User Rating Average : 20
2023-12-11 12:01:25,694 - INFO - User Rating Average : 20
2023-12-11 12:01:26,352 - INFO - Connected to elastic search Successfully
2023-12-11 12:01:27,230 - INFO - User Rating Average : 21
2023-12-11 12:01:28,430 - INFO - Connected to elastic search Successfully
2023-12-11 12:01:29,271 - INFO - User Rating Average : 22
2023-12-11 12:01:29,427 - INFO - User Rating Average : 22
2023-12-11 12:01:30,303 - INFO - Connected to elastic search Successfully
2023-12-11 12:01:31,142 - INFO - User Rating Average : 23
2023-12-11 12:01:31,893 - INFO - Connected to elastic search Successfully
2023-12-11 12:01:32,768 - INFO - User Rating Average : 24
2023-12-11 12:01:33,262 - INFO - User Rating Average : 24
2023-12-11 12:01:33,827 - INFO - Connected to elastic search Successfully
2023-12-11 12:01:34,737 - INFO - User Rating Average : 25
2023-12-11 12:01:36,080 - INFO - Connected to elastic search Successfully
2023-12-11 12:01:37,000 - ERROR - Error in get_reviews_count_from_kafka: An error occurred while calling o1033.collectToPython.
: org.apache.spark.SparkException: Job aborted due to stage failure: Task 0 in stage 85.0 failed 1 times, most recent failure: Lost task 0.0 in stage 85.0 (TID 67) (sabri-Parallels-Virtual-Platform executor driver): org.apache.kafka.common.errors.TimeoutException: Timeout of 60000ms expired before the position for partition Reviews-0 could be determined

Driver stacktrace:
	at org.apache.spark.scheduler.DAGScheduler.failJobAndIndependentStages(DAGScheduler.scala:2785)
	at org.apache.spark.scheduler.DAGScheduler.$anonfun$abortStage$2(DAGScheduler.scala:2721)
	at org.apache.spark.scheduler.DAGScheduler.$anonfun$abortStage$2$adapted(DAGScheduler.scala:2720)
	at scala.collection.mutable.ResizableArray.foreach(ResizableArray.scala:62)
	at scala.collection.mutable.ResizableArray.foreach$(ResizableArray.scala:55)
	at scala.collection.mutable.ArrayBuffer.foreach(ArrayBuffer.scala:49)
	at org.apache.spark.scheduler.DAGScheduler.abortStage(DAGScheduler.scala:2720)
	at org.apache.spark.scheduler.DAGScheduler.$anonfun$handleTaskSetFailed$1(DAGScheduler.scala:1206)
	at org.apache.spark.scheduler.DAGScheduler.$anonfun$handleTaskSetFailed$1$adapted(DAGScheduler.scala:1206)
	at scala.Option.foreach(Option.scala:407)
	at org.apache.spark.scheduler.DAGScheduler.handleTaskSetFailed(DAGScheduler.scala:1206)
	at org.apache.spark.scheduler.DAGSchedulerEventProcessLoop.doOnReceive(DAGScheduler.scala:2984)
	at org.apache.spark.scheduler.DAGSchedulerEventProcessLoop.onReceive(DAGScheduler.scala:2923)
	at org.apache.spark.scheduler.DAGSchedulerEventProcessLoop.onReceive(DAGScheduler.scala:2912)
	at org.apache.spark.util.EventLoop$$anon$1.run(EventLoop.scala:49)
Caused by: org.apache.kafka.common.errors.TimeoutException: Timeout of 60000ms expired before the position for partition Reviews-0 could be determined

2023-12-11 12:01:37,001 - ERROR - Error in write_to_elasticsearch: An error occurred while calling o1033.collectToPython.
: org.apache.spark.SparkException: Job aborted due to stage failure: Task 0 in stage 85.0 failed 1 times, most recent failure: Lost task 0.0 in stage 85.0 (TID 67) (sabri-Parallels-Virtual-Platform executor driver): org.apache.kafka.common.errors.TimeoutException: Timeout of 60000ms expired before the position for partition Reviews-0 could be determined

Driver stacktrace:
	at org.apache.spark.scheduler.DAGScheduler.failJobAndIndependentStages(DAGScheduler.scala:2785)
	at org.apache.spark.scheduler.DAGScheduler.$anonfun$abortStage$2(DAGScheduler.scala:2721)
	at org.apache.spark.scheduler.DAGScheduler.$anonfun$abortStage$2$adapted(DAGScheduler.scala:2720)
	at scala.collection.mutable.ResizableArray.foreach(ResizableArray.scala:62)
	at scala.collection.mutable.ResizableArray.foreach$(ResizableArray.scala:55)
	at scala.collection.mutable.ArrayBuffer.foreach(ArrayBuffer.scala:49)
	at org.apache.spark.scheduler.DAGScheduler.abortStage(DAGScheduler.scala:2720)
	at org.apache.spark.scheduler.DAGScheduler.$anonfun$handleTaskSetFailed$1(DAGScheduler.scala:1206)
	at org.apache.spark.scheduler.DAGScheduler.$anonfun$handleTaskSetFailed$1$adapted(DAGScheduler.scala:1206)
	at scala.Option.foreach(Option.scala:407)
	at org.apache.spark.scheduler.DAGScheduler.handleTaskSetFailed(DAGScheduler.scala:1206)
	at org.apache.spark.scheduler.DAGSchedulerEventProcessLoop.doOnReceive(DAGScheduler.scala:2984)
	at org.apache.spark.scheduler.DAGSchedulerEventProcessLoop.onReceive(DAGScheduler.scala:2923)
	at org.apache.spark.scheduler.DAGSchedulerEventProcessLoop.onReceive(DAGScheduler.scala:2912)
	at org.apache.spark.util.EventLoop$$anon$1.run(EventLoop.scala:49)
Caused by: org.apache.kafka.common.errors.TimeoutException: Timeout of 60000ms expired before the position for partition Reviews-0 could be determined

2023-12-11 12:01:37,564 - INFO - User Rating Average : 26
2023-12-11 12:01:37,984 - INFO - Connected to elastic search Successfully
2023-12-11 12:01:39,429 - INFO - User Rating Average : 27
2023-12-11 12:01:41,044 - INFO - Connected to elastic search Successfully
2023-12-11 12:01:42,519 - INFO - User Rating Average : 29
2023-12-11 12:01:42,543 - INFO - User Rating Average : 29
2023-12-11 12:01:43,748 - INFO - Connected to elastic search Successfully
2023-12-11 12:01:44,995 - INFO - User Rating Average : 30
2023-12-11 12:01:47,269 - INFO - Connected to elastic search Successfully
2023-12-11 12:01:47,804 - INFO - User Rating Average : 31
2023-12-11 12:01:48,798 - INFO - User Rating Average : 32
2023-12-11 12:01:49,924 - INFO - Connected to elastic search Successfully
2023-12-11 12:01:51,068 - INFO - User Rating Average : 33
2023-12-11 12:01:52,342 - INFO - Connected to elastic search Successfully
2023-12-11 12:01:52,955 - INFO - User Rating Average : 34
2023-12-11 12:01:53,739 - INFO - User Rating Average : 34
2023-12-11 12:01:55,287 - INFO - Connected to elastic search Successfully
2023-12-11 12:01:57,470 - INFO - User Rating Average : 36
2023-12-11 12:01:58,547 - INFO - Connected to elastic search Successfully
2023-12-11 12:01:58,654 - INFO - User Rating Average : 37
2023-12-11 12:01:59,905 - INFO - User Rating Average : 37
2023-12-11 12:02:00,688 - INFO - Connected to elastic search Successfully
2023-12-11 12:02:01,734 - INFO - User Rating Average : 38
2023-12-11 12:02:02,742 - INFO - Connected to elastic search Successfully
2023-12-11 12:02:03,692 - INFO - User Rating Average : 39
2023-12-11 12:02:03,730 - INFO - User Rating Average : 39
2023-12-11 12:02:04,348 - INFO - Connected to elastic search Successfully
2023-12-11 12:02:05,618 - INFO - User Rating Average : 40
2023-12-11 12:02:06,320 - INFO - Connected to elastic search Successfully
2023-12-11 12:02:07,201 - INFO - User Rating Average : 41
2023-12-11 12:02:07,884 - INFO - User Rating Average : 41
2023-12-11 12:02:08,509 - INFO - Connected to elastic search Successfully
2023-12-11 12:02:09,360 - INFO - User Rating Average : 42
2023-12-11 12:02:10,232 - INFO - Connected to elastic search Successfully
2023-12-11 12:02:11,150 - INFO - User Rating Average : 43
2023-12-11 12:02:11,852 - INFO - User Rating Average : 43
2023-12-11 12:02:12,432 - INFO - Connected to elastic search Successfully
2023-12-11 12:02:13,454 - INFO - User Rating Average : 44
2023-12-11 12:02:14,030 - INFO - Connected to elastic search Successfully
2023-12-11 12:02:14,924 - INFO - User Rating Average : 45
2023-12-11 12:02:15,795 - INFO - User Rating Average : 45
2023-12-11 12:02:16,347 - INFO - Connected to elastic search Successfully
2023-12-11 12:02:17,260 - INFO - User Rating Average : 46
2023-12-11 12:02:18,388 - INFO - Connected to elastic search Successfully
2023-12-11 12:02:19,197 - INFO - User Rating Average : 47
2023-12-11 12:02:19,860 - INFO - User Rating Average : 47
2023-12-11 12:02:20,542 - INFO - Connected to elastic search Successfully
2023-12-11 12:02:21,455 - INFO - User Rating Average : 48
2023-12-11 12:02:22,118 - INFO - Connected to elastic search Successfully
2023-12-11 12:02:22,871 - INFO - User Rating Average : 49
2023-12-11 12:02:23,717 - INFO - User Rating Average : 49
2023-12-11 12:02:24,082 - INFO - Connected to elastic search Successfully
2023-12-11 12:02:24,839 - INFO - User Rating Average : 50
2023-12-11 12:02:25,904 - INFO - Connected to elastic search Successfully
2023-12-11 12:02:26,679 - INFO - User Rating Average : 51
2023-12-11 12:02:27,620 - INFO - User Rating Average : 51
2023-12-11 12:02:28,091 - INFO - Connected to elastic search Successfully
2023-12-11 12:02:28,877 - INFO - User Rating Average : 52
2023-12-11 12:02:29,899 - INFO - Connected to elastic search Successfully
2023-12-11 12:02:30,620 - INFO - User Rating Average : 53
2023-12-11 12:02:30,828 - INFO - User Rating Average : 53
2023-12-11 12:02:31,920 - INFO - Connected to elastic search Successfully
2023-12-11 12:02:32,685 - INFO - User Rating Average : 54
2023-12-11 12:02:34,029 - INFO - Connected to elastic search Successfully
2023-12-11 12:02:34,456 - INFO - User Rating Average : 55
2023-12-11 12:02:34,765 - INFO - User Rating Average : 55
2023-12-11 12:02:36,026 - INFO - Connected to elastic search Successfully
2023-12-11 12:02:36,894 - INFO - User Rating Average : 56
2023-12-11 12:02:38,372 - INFO - Connected to elastic search Successfully
2023-12-11 12:02:38,549 - INFO - User Rating Average : 57
2023-12-11 12:02:39,283 - INFO - User Rating Average : 57
2023-12-11 12:02:40,266 - INFO - Connected to elastic search Successfully
2023-12-11 12:02:41,141 - INFO - User Rating Average : 58
2023-12-11 12:02:42,163 - INFO - Connected to elastic search Successfully
2023-12-11 12:02:42,465 - INFO - User Rating Average : 58
2023-12-11 12:02:43,321 - INFO - User Rating Average : 59
2023-12-11 12:02:44,091 - INFO - Connected to elastic search Successfully
2023-12-11 12:02:44,812 - INFO - User Rating Average : 60
2023-12-11 12:02:45,884 - INFO - User Rating Average : 60
2023-12-11 12:02:46,007 - INFO - Connected to elastic search Successfully
2023-12-11 12:02:46,764 - INFO - User Rating Average : 61
2023-12-11 12:02:47,933 - INFO - Connected to elastic search Successfully
2023-12-11 12:02:48,637 - INFO - User Rating Average : 62
2023-12-11 12:02:49,630 - INFO - User Rating Average : 62
2023-12-11 12:02:50,020 - INFO - Connected to elastic search Successfully
2023-12-11 12:02:50,738 - INFO - User Rating Average : 63
2023-12-11 12:02:51,972 - INFO - Connected to elastic search Successfully
2023-12-11 12:02:52,803 - INFO - User Rating Average : 64
2023-12-11 12:02:52,930 - INFO - User Rating Average : 64
2023-12-11 12:02:53,973 - INFO - Connected to elastic search Successfully
2023-12-11 12:02:54,676 - INFO - User Rating Average : 65
2023-12-11 12:02:56,101 - INFO - Connected to elastic search Successfully
2023-12-11 12:02:56,446 - INFO - User Rating Average : 66
2023-12-11 12:02:56,829 - INFO - User Rating Average : 66
2023-12-11 12:02:57,973 - INFO - Connected to elastic search Successfully
2023-12-11 12:02:58,687 - INFO - User Rating Average : 67
2023-12-11 12:02:59,931 - INFO - User Rating Average : 67
2023-12-11 12:03:00,248 - INFO - Connected to elastic search Successfully
2023-12-11 12:03:00,983 - INFO - User Rating Average : 68
2023-12-11 12:03:01,996 - INFO - Connected to elastic search Successfully
2023-12-11 12:03:02,736 - INFO - User Rating Average : 69
2023-12-11 12:03:03,574 - INFO - User Rating Average : 69
2023-12-11 12:03:04,098 - INFO - Connected to elastic search Successfully
2023-12-11 12:03:04,798 - INFO - User Rating Average : 70
2023-12-11 12:03:05,979 - INFO - Connected to elastic search Successfully
2023-12-11 12:03:06,726 - INFO - User Rating Average : 71
2023-12-11 12:03:06,873 - INFO - User Rating Average : 71
2023-12-11 12:03:07,981 - INFO - Connected to elastic search Successfully
2023-12-11 12:03:08,737 - INFO - User Rating Average : 72
2023-12-11 12:03:09,948 - INFO - User Rating Average : 72
2023-12-11 12:03:10,087 - INFO - Connected to elastic search Successfully
2023-12-11 12:03:10,772 - INFO - User Rating Average : 73
2023-12-11 12:03:11,989 - INFO - Connected to elastic search Successfully
2023-12-11 12:03:12,726 - INFO - User Rating Average : 74
2023-12-11 12:03:13,735 - INFO - User Rating Average : 74
2023-12-11 12:03:14,009 - INFO - Connected to elastic search Successfully
2023-12-11 12:03:14,692 - INFO - User Rating Average : 75
2023-12-11 12:03:16,128 - INFO - Connected to elastic search Successfully
2023-12-11 12:03:16,865 - INFO - User Rating Average : 76
2023-12-11 12:03:16,922 - INFO - User Rating Average : 76
2023-12-11 12:03:17,992 - INFO - Connected to elastic search Successfully
2023-12-11 12:03:18,686 - INFO - User Rating Average : 77
2023-12-11 12:03:19,956 - INFO - User Rating Average : 77
2023-12-11 12:03:20,077 - INFO - Connected to elastic search Successfully
2023-12-11 12:03:20,925 - INFO - User Rating Average : 78
2023-12-11 12:03:22,006 - INFO - Connected to elastic search Successfully
2023-12-11 12:03:22,690 - INFO - User Rating Average : 79
2023-12-11 12:03:23,519 - INFO - User Rating Average : 79
2023-12-11 12:03:24,023 - INFO - Connected to elastic search Successfully
2023-12-11 12:03:24,724 - INFO - User Rating Average : 80
2023-12-11 12:03:26,019 - INFO - Connected to elastic search Successfully
2023-12-11 12:03:26,724 - INFO - User Rating Average : 81
2023-12-11 12:03:26,953 - INFO - User Rating Average : 81
2023-12-11 12:03:28,015 - INFO - Connected to elastic search Successfully
2023-12-11 12:03:28,712 - INFO - User Rating Average : 82
2023-12-11 12:03:29,973 - INFO - User Rating Average : 82
2023-12-11 12:03:30,071 - INFO - Connected to elastic search Successfully
2023-12-11 12:03:30,819 - INFO - User Rating Average : 83
2023-12-11 12:03:32,357 - INFO - Connected to elastic search Successfully
2023-12-11 12:03:33,207 - INFO - User Rating Average : 84
2023-12-11 12:03:33,531 - INFO - User Rating Average : 84
2023-12-11 12:03:34,030 - INFO - Connected to elastic search Successfully
2023-12-11 12:03:34,716 - INFO - User Rating Average : 85
2023-12-11 12:03:36,100 - INFO - Connected to elastic search Successfully
2023-12-11 12:03:36,907 - INFO - User Rating Average : 86
2023-12-11 12:03:37,110 - INFO - User Rating Average : 86
2023-12-11 12:03:38,085 - INFO - Connected to elastic search Successfully
2023-12-11 12:03:38,768 - INFO - User Rating Average : 87
2023-12-11 12:03:40,121 - INFO - Connected to elastic search Successfully
2023-12-11 12:03:40,874 - INFO - User Rating Average : 88
2023-12-11 12:03:41,054 - INFO - User Rating Average : 88
2023-12-11 12:03:42,060 - INFO - Connected to elastic search Successfully
2023-12-11 12:03:42,754 - INFO - User Rating Average : 89
2023-12-11 12:03:44,011 - INFO - User Rating Average : 89
2023-12-11 12:03:44,074 - INFO - Connected to elastic search Successfully
2023-12-11 12:03:44,815 - INFO - User Rating Average : 90
2023-12-11 12:03:46,080 - INFO - Connected to elastic search Successfully
2023-12-11 12:03:46,761 - INFO - User Rating Average : 91
2023-12-11 12:03:47,520 - INFO - User Rating Average : 91
2023-12-11 12:03:48,098 - INFO - Connected to elastic search Successfully
2023-12-11 12:03:48,773 - INFO - User Rating Average : 92
2023-12-11 12:03:50,067 - INFO - Connected to elastic search Successfully
2023-12-11 12:03:50,755 - INFO - User Rating Average : 93
2023-12-11 12:03:50,911 - INFO - User Rating Average : 93
2023-12-11 12:03:52,068 - INFO - Connected to elastic search Successfully
2023-12-11 12:03:52,761 - INFO - User Rating Average : 94
2023-12-11 12:03:54,022 - INFO - User Rating Average : 94
2023-12-11 12:03:54,101 - INFO - Connected to elastic search Successfully
2023-12-11 12:03:54,787 - INFO - User Rating Average : 95
2023-12-11 12:03:56,084 - INFO - Connected to elastic search Successfully
2023-12-11 12:03:56,759 - INFO - User Rating Average : 96
2023-12-11 12:03:57,566 - INFO - User Rating Average : 96
2023-12-11 12:03:58,091 - INFO - Connected to elastic search Successfully
2023-12-11 12:03:58,811 - INFO - User Rating Average : 97
2023-12-11 12:04:00,089 - INFO - Connected to elastic search Successfully
2023-12-11 12:04:00,799 - INFO - User Rating Average : 98
2023-12-11 12:04:00,849 - INFO - User Rating Average : 98
2023-12-11 12:04:02,076 - INFO - Connected to elastic search Successfully
2023-12-11 12:04:02,770 - INFO - User Rating Average : 99
2023-12-11 12:04:04,059 - INFO - User Rating Average : 99
2023-12-11 12:04:04,142 - INFO - Connected to elastic search Successfully
2023-12-11 12:04:04,907 - INFO - User Rating Average : 100
2023-12-11 12:04:06,085 - INFO - Connected to elastic search Successfully
2023-12-11 12:04:06,771 - INFO - User Rating Average : 101
2023-12-11 12:04:07,688 - INFO - User Rating Average : 101
2023-12-11 12:04:08,096 - INFO - Connected to elastic search Successfully
2023-12-11 12:04:08,791 - INFO - User Rating Average : 102
2023-12-11 12:04:10,104 - INFO - Connected to elastic search Successfully
2023-12-11 12:04:10,773 - INFO - User Rating Average : 103
2023-12-11 12:04:10,979 - INFO - User Rating Average : 103
2023-12-11 12:04:12,099 - INFO - Connected to elastic search Successfully
2023-12-11 12:04:12,787 - INFO - User Rating Average : 104
2023-12-11 12:04:14,049 - INFO - User Rating Average : 104
2023-12-11 12:04:14,136 - INFO - Connected to elastic search Successfully
2023-12-11 12:04:14,849 - INFO - User Rating Average : 105
2023-12-11 12:04:16,105 - INFO - Connected to elastic search Successfully
2023-12-11 12:04:16,780 - INFO - User Rating Average : 106
2023-12-11 12:04:17,492 - INFO - User Rating Average : 106
2023-12-11 12:04:18,110 - INFO - Connected to elastic search Successfully
2023-12-11 12:04:18,775 - INFO - User Rating Average : 107
2023-12-11 12:04:20,119 - INFO - Connected to elastic search Successfully
2023-12-11 12:04:20,820 - INFO - User Rating Average : 108
2023-12-11 12:04:20,934 - INFO - User Rating Average : 108
2023-12-11 12:04:22,111 - INFO - Connected to elastic search Successfully
2023-12-11 12:04:22,788 - INFO - User Rating Average : 109
2023-12-11 12:04:24,057 - INFO - User Rating Average : 109
2023-12-11 12:04:24,130 - INFO - Connected to elastic search Successfully
2023-12-11 12:04:24,806 - INFO - User Rating Average : 110
2023-12-11 12:04:26,124 - INFO - Connected to elastic search Successfully
2023-12-11 12:04:26,785 - INFO - User Rating Average : 111
2023-12-11 12:04:27,505 - INFO - User Rating Average : 111
2023-12-11 12:04:28,122 - INFO - Connected to elastic search Successfully
2023-12-11 12:04:28,812 - INFO - User Rating Average : 112
2023-12-11 12:04:30,149 - INFO - Connected to elastic search Successfully
2023-12-11 12:04:30,851 - INFO - User Rating Average : 113
2023-12-11 12:04:31,006 - INFO - User Rating Average : 113
2023-12-11 12:04:32,124 - INFO - Connected to elastic search Successfully
2023-12-11 12:04:32,771 - INFO - User Rating Average : 114
2023-12-11 12:04:34,089 - INFO - User Rating Average : 114
2023-12-11 12:04:34,190 - INFO - Connected to elastic search Successfully
2023-12-11 12:04:34,861 - INFO - User Rating Average : 115
2023-12-11 12:04:36,170 - INFO - Connected to elastic search Successfully
2023-12-11 12:04:36,919 - INFO - User Rating Average : 116
2023-12-11 12:04:37,982 - INFO - User Rating Average : 116
2023-12-11 12:04:38,165 - INFO - Connected to elastic search Successfully
2023-12-11 12:04:38,921 - INFO - User Rating Average : 117
2023-12-11 12:04:40,139 - INFO - Connected to elastic search Successfully
2023-12-11 12:04:40,816 - INFO - User Rating Average : 118
2023-12-11 12:04:41,514 - INFO - User Rating Average : 118
2023-12-11 12:04:42,162 - INFO - Connected to elastic search Successfully
2023-12-11 12:04:42,836 - INFO - User Rating Average : 119
2023-12-11 12:04:44,140 - INFO - Connected to elastic search Successfully
2023-12-11 12:04:44,798 - INFO - User Rating Average : 120
2023-12-11 12:04:44,940 - INFO - User Rating Average : 120
2023-12-11 12:04:46,139 - INFO - Connected to elastic search Successfully
2023-12-11 12:04:46,815 - INFO - User Rating Average : 121
2023-12-11 12:04:48,116 - INFO - User Rating Average : 121
2023-12-11 12:04:48,244 - INFO - Connected to elastic search Successfully
2023-12-11 12:04:48,975 - INFO - User Rating Average : 122
2023-12-11 12:04:50,157 - INFO - Connected to elastic search Successfully
2023-12-11 12:04:50,843 - INFO - User Rating Average : 123
2023-12-11 12:04:51,529 - INFO - User Rating Average : 123
2023-12-11 12:04:52,188 - INFO - Connected to elastic search Successfully
2023-12-11 12:04:52,860 - INFO - User Rating Average : 124
2023-12-11 12:04:54,163 - INFO - Connected to elastic search Successfully
2023-12-11 12:04:54,822 - INFO - User Rating Average : 125
2023-12-11 12:04:54,944 - INFO - User Rating Average : 125
2023-12-11 12:04:56,163 - INFO - Connected to elastic search Successfully
2023-12-11 12:04:56,867 - INFO - User Rating Average : 126
2023-12-11 12:04:58,116 - INFO - User Rating Average : 126
2023-12-11 12:04:58,219 - INFO - Connected to elastic search Successfully
2023-12-11 12:04:58,950 - INFO - User Rating Average : 127
2023-12-11 12:05:00,180 - INFO - Connected to elastic search Successfully
2023-12-11 12:05:00,868 - INFO - User Rating Average : 128
2023-12-11 12:05:01,673 - INFO - User Rating Average : 128
2023-12-11 12:05:02,175 - INFO - Connected to elastic search Successfully
2023-12-11 12:05:02,843 - INFO - User Rating Average : 129
2023-12-11 12:05:04,192 - INFO - Connected to elastic search Successfully
2023-12-11 12:05:04,871 - INFO - User Rating Average : 130
2023-12-11 12:05:04,964 - INFO - User Rating Average : 130
2023-12-11 12:05:06,184 - INFO - Connected to elastic search Successfully
2023-12-11 12:05:06,845 - INFO - User Rating Average : 131
2023-12-11 12:05:08,123 - INFO - User Rating Average : 131
2023-12-11 12:05:08,202 - INFO - Connected to elastic search Successfully
2023-12-11 12:05:08,864 - INFO - User Rating Average : 132
2023-12-11 12:05:10,182 - INFO - Connected to elastic search Successfully
2023-12-11 12:05:10,868 - INFO - User Rating Average : 133
2023-12-11 12:05:11,579 - INFO - User Rating Average : 133
2023-12-11 12:05:12,193 - INFO - Connected to elastic search Successfully
2023-12-11 12:05:12,843 - INFO - User Rating Average : 134
2023-12-11 12:05:14,216 - INFO - Connected to elastic search Successfully
2023-12-11 12:05:14,897 - INFO - User Rating Average : 135
2023-12-11 12:05:14,993 - INFO - User Rating Average : 135
2023-12-11 12:05:16,187 - INFO - Connected to elastic search Successfully
2023-12-11 12:05:16,835 - INFO - User Rating Average : 136
2023-12-11 12:05:18,145 - INFO - User Rating Average : 136
2023-12-11 12:05:18,212 - INFO - Connected to elastic search Successfully
2023-12-11 12:05:18,876 - INFO - User Rating Average : 137
2023-12-11 12:05:20,194 - INFO - Connected to elastic search Successfully
2023-12-11 12:05:20,884 - INFO - User Rating Average : 138
2023-12-11 12:05:21,615 - INFO - User Rating Average : 138
2023-12-11 12:05:22,223 - INFO - Connected to elastic search Successfully
2023-12-11 12:05:22,912 - INFO - User Rating Average : 139
2023-12-11 12:05:24,219 - INFO - Connected to elastic search Successfully
2023-12-11 12:05:24,929 - INFO - User Rating Average : 140
2023-12-11 12:05:25,069 - INFO - User Rating Average : 140
2023-12-11 12:05:26,213 - INFO - Connected to elastic search Successfully
2023-12-11 12:05:26,867 - INFO - User Rating Average : 141
2023-12-11 12:05:28,178 - INFO - User Rating Average : 141
2023-12-11 12:05:28,247 - INFO - Connected to elastic search Successfully
2023-12-11 12:05:28,901 - INFO - User Rating Average : 142
2023-12-11 12:05:30,216 - INFO - Connected to elastic search Successfully
2023-12-11 12:05:30,912 - INFO - User Rating Average : 143
2023-12-11 12:05:31,618 - INFO - User Rating Average : 143
2023-12-11 12:05:32,217 - INFO - Connected to elastic search Successfully
2023-12-11 12:05:32,892 - INFO - User Rating Average : 144
2023-12-11 12:05:34,248 - INFO - Connected to elastic search Successfully
2023-12-11 12:05:34,912 - INFO - User Rating Average : 145
2023-12-11 12:05:35,003 - INFO - User Rating Average : 145
2023-12-11 12:05:36,247 - INFO - Connected to elastic search Successfully
2023-12-11 12:05:36,915 - INFO - User Rating Average : 146
2023-12-11 12:05:38,187 - INFO - User Rating Average : 146
2023-12-11 12:05:38,290 - INFO - Connected to elastic search Successfully
2023-12-11 12:05:38,985 - INFO - User Rating Average : 147
2023-12-11 12:05:40,242 - INFO - Connected to elastic search Successfully
2023-12-11 12:05:40,953 - INFO - User Rating Average : 148
2023-12-11 12:05:42,092 - INFO - User Rating Average : 148
2023-12-11 12:05:42,418 - INFO - Connected to elastic search Successfully
2023-12-11 12:05:43,107 - INFO - User Rating Average : 149
2023-12-11 12:05:44,250 - INFO - Connected to elastic search Successfully
2023-12-11 12:05:44,922 - INFO - User Rating Average : 150
2023-12-11 12:05:45,582 - INFO - User Rating Average : 150
2023-12-11 12:05:46,238 - INFO - Connected to elastic search Successfully
2023-12-11 12:05:46,894 - INFO - User Rating Average : 151
2023-12-11 12:05:48,250 - INFO - Connected to elastic search Successfully
2023-12-11 12:05:48,935 - INFO - User Rating Average : 152
2023-12-11 12:05:49,008 - INFO - User Rating Average : 152
2023-12-11 12:05:50,288 - INFO - Connected to elastic search Successfully
2023-12-11 12:05:50,963 - INFO - User Rating Average : 153
2023-12-11 12:05:52,196 - INFO - User Rating Average : 153
2023-12-11 12:05:52,323 - INFO - Connected to elastic search Successfully
2023-12-11 12:05:53,016 - INFO - User Rating Average : 154
2023-12-11 12:05:54,270 - INFO - Connected to elastic search Successfully
2023-12-11 12:05:54,970 - INFO - User Rating Average : 155
2023-12-11 12:05:55,696 - INFO - User Rating Average : 155
2023-12-11 12:05:56,261 - INFO - Connected to elastic search Successfully
2023-12-11 12:05:56,930 - INFO - User Rating Average : 156
2023-12-11 12:05:58,276 - INFO - Connected to elastic search Successfully
2023-12-11 12:05:58,980 - INFO - User Rating Average : 157
2023-12-11 12:05:59,076 - INFO - User Rating Average : 157
2023-12-11 12:06:00,260 - INFO - Connected to elastic search Successfully
2023-12-11 12:06:00,923 - INFO - User Rating Average : 158
2023-12-11 12:06:02,210 - INFO - User Rating Average : 158
2023-12-11 12:06:02,323 - INFO - Connected to elastic search Successfully
2023-12-11 12:06:03,040 - INFO - User Rating Average : 159
2023-12-11 12:06:04,263 - INFO - Connected to elastic search Successfully
2023-12-11 12:06:04,929 - INFO - User Rating Average : 160
2023-12-11 12:06:05,635 - INFO - User Rating Average : 160
2023-12-11 12:06:06,283 - INFO - Connected to elastic search Successfully
2023-12-11 12:06:06,932 - INFO - User Rating Average : 161
2023-12-11 12:06:08,289 - INFO - Connected to elastic search Successfully
2023-12-11 12:06:08,958 - INFO - User Rating Average : 162
2023-12-11 12:06:09,103 - INFO - User Rating Average : 162
2023-12-11 12:06:10,281 - INFO - Connected to elastic search Successfully
2023-12-11 12:06:10,950 - INFO - User Rating Average : 163
2023-12-11 12:06:12,224 - INFO - User Rating Average : 163
2023-12-11 12:06:12,315 - INFO - Connected to elastic search Successfully
2023-12-11 12:06:13,055 - INFO - User Rating Average : 164
2023-12-11 12:06:14,281 - INFO - Connected to elastic search Successfully
2023-12-11 12:06:14,933 - INFO - User Rating Average : 165
2023-12-11 12:06:15,714 - INFO - User Rating Average : 165
2023-12-11 12:06:16,299 - INFO - Connected to elastic search Successfully
2023-12-11 12:06:16,989 - INFO - User Rating Average : 166
2023-12-11 12:06:18,290 - INFO - Connected to elastic search Successfully
2023-12-11 12:06:18,963 - INFO - User Rating Average : 167
2023-12-11 12:06:19,082 - INFO - User Rating Average : 167
2023-12-11 12:06:20,291 - INFO - Connected to elastic search Successfully
2023-12-11 12:06:20,978 - INFO - User Rating Average : 168
2023-12-11 12:06:22,252 - INFO - User Rating Average : 168
2023-12-11 12:06:22,354 - INFO - Connected to elastic search Successfully
2023-12-11 12:06:23,025 - INFO - User Rating Average : 169
2023-12-11 12:06:24,294 - INFO - Connected to elastic search Successfully
2023-12-11 12:06:24,966 - INFO - User Rating Average : 170
2023-12-11 12:06:25,812 - INFO - User Rating Average : 170
2023-12-11 12:06:26,301 - INFO - Connected to elastic search Successfully
2023-12-11 12:06:26,950 - INFO - User Rating Average : 171
2023-12-11 12:06:28,302 - INFO - Connected to elastic search Successfully
2023-12-11 12:06:28,957 - INFO - User Rating Average : 172
2023-12-11 12:06:29,076 - INFO - User Rating Average : 172
2023-12-11 12:06:30,343 - INFO - Connected to elastic search Successfully
2023-12-11 12:06:31,041 - INFO - User Rating Average : 173
2023-12-11 12:06:32,267 - INFO - User Rating Average : 173
2023-12-11 12:06:32,346 - INFO - Connected to elastic search Successfully
2023-12-11 12:06:33,001 - INFO - User Rating Average : 174
2023-12-11 12:06:34,324 - INFO - Connected to elastic search Successfully
2023-12-11 12:06:35,002 - INFO - User Rating Average : 175
2023-12-11 12:06:35,744 - INFO - User Rating Average : 175
2023-12-11 12:06:36,331 - INFO - Connected to elastic search Successfully
2023-12-11 12:06:37,003 - INFO - User Rating Average : 176
2023-12-11 12:06:38,322 - INFO - Connected to elastic search Successfully
2023-12-11 12:06:38,986 - INFO - User Rating Average : 177
2023-12-11 12:06:39,224 - INFO - User Rating Average : 177
2023-12-11 12:06:40,333 - INFO - Connected to elastic search Successfully
2023-12-11 12:06:40,992 - INFO - User Rating Average : 178
2023-12-11 12:06:42,278 - INFO - User Rating Average : 178
2023-12-11 12:06:42,378 - INFO - Connected to elastic search Successfully
2023-12-11 12:06:43,045 - INFO - User Rating Average : 179
2023-12-11 12:06:44,334 - INFO - Connected to elastic search Successfully
2023-12-11 12:06:45,011 - INFO - User Rating Average : 180
2023-12-11 12:06:45,913 - INFO - User Rating Average : 180
2023-12-11 12:06:46,337 - INFO - Connected to elastic search Successfully
2023-12-11 12:06:47,000 - INFO - User Rating Average : 181
2023-12-11 12:06:48,352 - INFO - Connected to elastic search Successfully
2023-12-11 12:06:49,010 - INFO - User Rating Average : 182
2023-12-11 12:06:49,126 - INFO - User Rating Average : 182
2023-12-11 12:06:50,333 - INFO - Connected to elastic search Successfully
2023-12-11 12:06:51,018 - INFO - User Rating Average : 183
2023-12-11 12:06:52,288 - INFO - User Rating Average : 183
2023-12-11 12:06:52,350 - INFO - Connected to elastic search Successfully
2023-12-11 12:06:53,016 - INFO - User Rating Average : 184
2023-12-11 12:06:54,339 - INFO - Connected to elastic search Successfully
2023-12-11 12:06:55,014 - INFO - User Rating Average : 185
2023-12-11 12:06:55,707 - INFO - User Rating Average : 185
2023-12-11 12:06:56,343 - INFO - Connected to elastic search Successfully
2023-12-11 12:06:57,019 - INFO - User Rating Average : 186
2023-12-11 12:06:58,350 - INFO - Connected to elastic search Successfully
2023-12-11 12:06:59,040 - INFO - User Rating Average : 187
2023-12-11 12:06:59,203 - INFO - User Rating Average : 187
2023-12-11 12:07:00,359 - INFO - Connected to elastic search Successfully
2023-12-11 12:07:01,034 - INFO - User Rating Average : 188
2023-12-11 12:07:02,340 - INFO - User Rating Average : 188
2023-12-11 12:07:02,408 - INFO - Connected to elastic search Successfully
2023-12-11 12:07:03,108 - INFO - User Rating Average : 189
2023-12-11 12:07:04,399 - INFO - Connected to elastic search Successfully
2023-12-11 12:07:05,048 - INFO - User Rating Average : 190
2023-12-11 12:07:05,817 - INFO - User Rating Average : 190
2023-12-11 12:07:06,411 - INFO - Connected to elastic search Successfully
2023-12-11 12:07:07,191 - INFO - User Rating Average : 191
2023-12-11 12:07:08,426 - INFO - Connected to elastic search Successfully
2023-12-11 12:07:09,080 - INFO - User Rating Average : 192
2023-12-11 12:07:09,157 - INFO - User Rating Average : 192
2023-12-11 12:07:10,424 - INFO - Connected to elastic search Successfully
2023-12-11 12:07:11,086 - INFO - User Rating Average : 193
2023-12-11 12:07:12,371 - INFO - User Rating Average : 193
2023-12-11 12:07:12,440 - INFO - Connected to elastic search Successfully
2023-12-11 12:07:13,142 - INFO - User Rating Average : 194
2023-12-11 12:07:14,418 - INFO - Connected to elastic search Successfully
2023-12-11 12:07:15,073 - INFO - User Rating Average : 195
2023-12-11 12:07:15,839 - INFO - User Rating Average : 195
2023-12-11 12:07:16,443 - INFO - Connected to elastic search Successfully
2023-12-11 12:07:17,099 - INFO - User Rating Average : 196
2023-12-11 12:07:18,449 - INFO - Connected to elastic search Successfully
2023-12-11 12:07:19,131 - INFO - User Rating Average : 197
2023-12-11 12:07:19,245 - INFO - User Rating Average : 197
2023-12-11 12:07:20,426 - INFO - Connected to elastic search Successfully
2023-12-11 12:07:21,075 - INFO - User Rating Average : 198
2023-12-11 12:07:22,374 - INFO - User Rating Average : 198
2023-12-11 12:07:22,471 - INFO - Connected to elastic search Successfully
2023-12-11 12:07:23,144 - INFO - User Rating Average : 199
2023-12-11 12:07:24,430 - INFO - Connected to elastic search Successfully
2023-12-11 12:07:25,120 - INFO - User Rating Average : 200
2023-12-11 12:07:25,805 - INFO - User Rating Average : 200
2023-12-11 12:07:26,441 - INFO - Connected to elastic search Successfully
2023-12-11 12:07:27,170 - INFO - User Rating Average : 201
2023-12-11 12:07:28,439 - INFO - Connected to elastic search Successfully
2023-12-11 12:07:29,109 - INFO - User Rating Average : 202
2023-12-11 12:07:29,187 - INFO - User Rating Average : 202
2023-12-11 12:07:30,432 - INFO - Connected to elastic search Successfully
2023-12-11 12:07:31,107 - INFO - User Rating Average : 203
2023-12-11 12:07:32,395 - INFO - User Rating Average : 203
2023-12-11 12:07:32,494 - INFO - Connected to elastic search Successfully
2023-12-11 12:07:33,151 - INFO - User Rating Average : 204
2023-12-11 12:07:34,442 - INFO - Connected to elastic search Successfully
2023-12-11 12:07:35,119 - INFO - User Rating Average : 205
2023-12-11 12:07:36,124 - INFO - User Rating Average : 205
2023-12-11 12:07:36,508 - INFO - Connected to elastic search Successfully
2023-12-11 12:07:37,214 - INFO - User Rating Average : 206
2023-12-11 12:07:38,528 - INFO - Connected to elastic search Successfully
2023-12-11 12:07:39,256 - INFO - User Rating Average : 207
2023-12-11 12:07:39,380 - INFO - User Rating Average : 207
2023-12-11 12:07:40,500 - INFO - Connected to elastic search Successfully
2023-12-11 12:07:41,221 - INFO - User Rating Average : 208
2023-12-11 12:07:42,607 - INFO - Connected to elastic search Successfully
2023-12-11 12:07:43,012 - INFO - User Rating Average : 209
2023-12-11 12:07:43,383 - INFO - User Rating Average : 209
2023-12-11 12:07:44,476 - INFO - Connected to elastic search Successfully
2023-12-11 12:07:45,155 - INFO - User Rating Average : 210
2023-12-11 12:07:46,449 - INFO - User Rating Average : 210
2023-12-11 12:07:46,551 - INFO - Connected to elastic search Successfully
2023-12-11 12:07:47,346 - INFO - User Rating Average : 211
2023-12-11 12:07:48,496 - INFO - Connected to elastic search Successfully
2023-12-11 12:07:49,220 - INFO - User Rating Average : 212
2023-12-11 12:07:50,231 - INFO - User Rating Average : 212
2023-12-11 12:07:50,582 - INFO - Connected to elastic search Successfully
2023-12-11 12:07:51,310 - INFO - User Rating Average : 213
2023-12-11 12:07:52,520 - INFO - Connected to elastic search Successfully
2023-12-11 12:07:53,232 - INFO - User Rating Average : 214
2023-12-11 12:07:53,405 - INFO - User Rating Average : 214
2023-12-11 12:07:54,539 - INFO - Connected to elastic search Successfully
2023-12-11 12:07:55,322 - INFO - User Rating Average : 215
2023-12-11 12:07:56,627 - INFO - Connected to elastic search Successfully
2023-12-11 12:07:57,042 - INFO - User Rating Average : 216
2023-12-11 12:07:57,379 - INFO - User Rating Average : 216
2023-12-11 12:07:58,524 - INFO - Connected to elastic search Successfully
2023-12-11 12:07:59,246 - INFO - User Rating Average : 217
2023-12-11 12:08:00,484 - INFO - User Rating Average : 217
2023-12-11 12:08:00,600 - INFO - Connected to elastic search Successfully
2023-12-11 12:08:01,303 - INFO - User Rating Average : 218
2023-12-11 12:08:02,510 - INFO - Connected to elastic search Successfully
2023-12-11 12:08:03,201 - INFO - User Rating Average : 219
2023-12-11 12:08:04,082 - INFO - User Rating Average : 219
2023-12-11 12:08:04,729 - INFO - Connected to elastic search Successfully
2023-12-11 12:08:05,389 - INFO - User Rating Average : 220
2023-12-11 12:08:06,558 - INFO - Connected to elastic search Successfully
2023-12-11 12:08:07,253 - INFO - User Rating Average : 221
2023-12-11 12:08:07,345 - INFO - User Rating Average : 221
2023-12-11 12:08:08,548 - INFO - Connected to elastic search Successfully
2023-12-11 12:08:09,223 - INFO - User Rating Average : 222
2023-12-11 12:08:10,473 - INFO - User Rating Average : 222
2023-12-11 12:08:10,553 - INFO - Connected to elastic search Successfully
2023-12-11 12:08:11,274 - INFO - User Rating Average : 223
2023-12-11 12:08:12,530 - INFO - Connected to elastic search Successfully
2023-12-11 12:08:13,271 - INFO - User Rating Average : 224
2023-12-11 12:08:14,051 - INFO - User Rating Average : 224
2023-12-11 12:08:14,545 - INFO - Connected to elastic search Successfully
2023-12-11 12:08:15,217 - INFO - User Rating Average : 225
2023-12-11 12:08:16,613 - INFO - Connected to elastic search Successfully
2023-12-11 12:08:17,355 - INFO - User Rating Average : 226
2023-12-11 12:08:17,623 - INFO - User Rating Average : 226
2023-12-11 12:08:18,545 - INFO - Connected to elastic search Successfully
2023-12-11 12:08:19,242 - INFO - User Rating Average : 227
2023-12-11 12:08:20,576 - INFO - Connected to elastic search Successfully
2023-12-11 12:08:21,071 - INFO - User Rating Average : 228
2023-12-11 12:08:21,255 - INFO - User Rating Average : 228
2023-12-11 12:08:22,536 - INFO - Connected to elastic search Successfully
2023-12-11 12:08:23,192 - INFO - User Rating Average : 229
2023-12-11 12:08:24,465 - INFO - User Rating Average : 229
2023-12-11 12:08:24,640 - INFO - Connected to elastic search Successfully
2023-12-11 12:08:25,298 - INFO - User Rating Average : 230
2023-12-11 12:08:26,539 - INFO - Connected to elastic search Successfully
2023-12-11 12:08:27,185 - INFO - User Rating Average : 231
2023-12-11 12:08:27,950 - INFO - User Rating Average : 231
2023-12-11 12:08:28,543 - INFO - Connected to elastic search Successfully
2023-12-11 12:08:29,205 - INFO - User Rating Average : 232
2023-12-11 12:08:30,582 - INFO - Connected to elastic search Successfully
2023-12-11 12:08:31,250 - INFO - User Rating Average : 233
2023-12-11 12:08:31,370 - INFO - User Rating Average : 233
2023-12-11 12:08:32,562 - INFO - Connected to elastic search Successfully
2023-12-11 12:08:33,212 - INFO - User Rating Average : 234
2023-12-11 12:08:34,504 - INFO - User Rating Average : 234
2023-12-11 12:08:34,572 - INFO - Connected to elastic search Successfully
2023-12-11 12:08:35,242 - INFO - User Rating Average : 235
2023-12-11 12:08:36,595 - INFO - Connected to elastic search Successfully
2023-12-11 12:08:37,401 - INFO - User Rating Average : 236
2023-12-11 12:08:38,264 - INFO - User Rating Average : 236
2023-12-11 12:08:38,835 - INFO - Connected to elastic search Successfully
2023-12-11 12:08:39,713 - INFO - User Rating Average : 237
2023-12-11 12:08:40,627 - INFO - Connected to elastic search Successfully
2023-12-11 12:08:41,475 - INFO - User Rating Average : 238
2023-12-11 12:08:41,593 - INFO - User Rating Average : 238
2023-12-11 12:08:42,601 - INFO - Connected to elastic search Successfully
2023-12-11 12:08:43,360 - INFO - User Rating Average : 239
2023-12-11 12:08:44,654 - INFO - Connected to elastic search Successfully
2023-12-11 12:08:45,111 - INFO - User Rating Average : 240
2023-12-11 12:08:45,425 - INFO - User Rating Average : 240
2023-12-11 12:08:46,613 - INFO - Connected to elastic search Successfully
2023-12-11 12:08:47,294 - INFO - User Rating Average : 241
2023-12-11 12:08:48,535 - INFO - User Rating Average : 241
2023-12-11 12:08:48,625 - INFO - Connected to elastic search Successfully
2023-12-11 12:08:49,323 - INFO - User Rating Average : 242
2023-12-11 12:08:50,660 - INFO - Connected to elastic search Successfully
2023-12-11 12:08:51,334 - INFO - User Rating Average : 243
2023-12-11 12:08:52,008 - INFO - User Rating Average : 243
2023-12-11 12:08:52,676 - INFO - Connected to elastic search Successfully
2023-12-11 12:08:53,368 - INFO - User Rating Average : 244
2023-12-11 12:08:54,654 - INFO - Connected to elastic search Successfully
2023-12-11 12:08:55,307 - INFO - User Rating Average : 245
2023-12-11 12:08:55,397 - INFO - User Rating Average : 245
2023-12-11 12:08:56,625 - INFO - Connected to elastic search Successfully
2023-12-11 12:08:57,308 - INFO - User Rating Average : 246
2023-12-11 12:08:58,586 - INFO - User Rating Average : 246
2023-12-11 12:08:58,680 - INFO - Connected to elastic search Successfully
2023-12-11 12:08:59,378 - INFO - User Rating Average : 247
2023-12-11 12:09:00,650 - INFO - Connected to elastic search Successfully
2023-12-11 12:09:01,311 - INFO - User Rating Average : 248
2023-12-11 12:09:02,028 - INFO - User Rating Average : 248
2023-12-11 12:09:02,661 - INFO - Connected to elastic search Successfully
2023-12-11 12:09:03,310 - INFO - User Rating Average : 249
2023-12-11 12:09:04,658 - INFO - Connected to elastic search Successfully
2023-12-11 12:09:05,325 - INFO - User Rating Average : 250
2023-12-11 12:09:05,427 - INFO - User Rating Average : 250
2023-12-11 12:09:06,658 - INFO - Connected to elastic search Successfully
2023-12-11 12:09:07,330 - INFO - User Rating Average : 251
2023-12-11 12:09:08,615 - INFO - User Rating Average : 251
2023-12-11 12:09:08,670 - INFO - Connected to elastic search Successfully
2023-12-11 12:09:09,331 - INFO - User Rating Average : 252
2023-12-11 12:09:10,679 - INFO - Connected to elastic search Successfully
2023-12-11 12:09:11,337 - INFO - User Rating Average : 253
2023-12-11 12:09:12,024 - INFO - User Rating Average : 253
2023-12-11 12:09:12,679 - INFO - Connected to elastic search Successfully
2023-12-11 12:09:13,371 - INFO - User Rating Average : 254
2023-12-11 12:09:14,695 - INFO - Connected to elastic search Successfully
2023-12-11 12:09:15,338 - INFO - User Rating Average : 255
2023-12-11 12:09:15,430 - INFO - User Rating Average : 255
2023-12-11 12:09:16,686 - INFO - Connected to elastic search Successfully
2023-12-11 12:09:17,333 - INFO - User Rating Average : 256
2023-12-11 12:09:18,651 - INFO - User Rating Average : 256
2023-12-11 12:09:18,699 - INFO - Connected to elastic search Successfully
2023-12-11 12:09:19,366 - INFO - User Rating Average : 257
2023-12-11 12:09:20,690 - INFO - Connected to elastic search Successfully
2023-12-11 12:09:21,389 - INFO - User Rating Average : 258
2023-12-11 12:09:22,166 - INFO - User Rating Average : 258
2023-12-11 12:09:22,703 - INFO - Connected to elastic search Successfully
2023-12-11 12:09:23,341 - INFO - User Rating Average : 259
2023-12-11 12:09:24,701 - INFO - Connected to elastic search Successfully
2023-12-11 12:09:25,368 - INFO - User Rating Average : 260
2023-12-11 12:09:25,493 - INFO - User Rating Average : 260
2023-12-11 12:09:26,699 - INFO - Connected to elastic search Successfully
2023-12-11 12:09:27,342 - INFO - User Rating Average : 261
2023-12-11 12:09:28,656 - INFO - User Rating Average : 261
2023-12-11 12:09:28,720 - INFO - Connected to elastic search Successfully
2023-12-11 12:09:29,424 - INFO - User Rating Average : 262
2023-12-11 12:09:30,706 - INFO - Connected to elastic search Successfully
2023-12-11 12:09:31,349 - INFO - User Rating Average : 263
2023-12-11 12:09:32,034 - INFO - User Rating Average : 263
2023-12-11 12:09:32,720 - INFO - Connected to elastic search Successfully
2023-12-11 12:09:33,351 - INFO - User Rating Average : 264
2023-12-11 12:09:34,725 - INFO - Connected to elastic search Successfully
2023-12-11 12:09:35,455 - INFO - User Rating Average : 265
2023-12-11 12:09:35,505 - INFO - User Rating Average : 265
2023-12-11 12:09:36,840 - INFO - Connected to elastic search Successfully
2023-12-11 12:09:37,720 - INFO - User Rating Average : 266
2023-12-11 12:09:38,758 - INFO - User Rating Average : 266
2023-12-11 12:09:39,007 - INFO - Connected to elastic search Successfully
2023-12-11 12:09:39,702 - INFO - User Rating Average : 267
2023-12-11 12:09:40,793 - INFO - Connected to elastic search Successfully
2023-12-11 12:09:41,512 - INFO - User Rating Average : 268
2023-12-11 12:09:42,442 - INFO - User Rating Average : 268
2023-12-11 12:09:42,882 - INFO - Connected to elastic search Successfully
2023-12-11 12:09:43,668 - INFO - User Rating Average : 269
2023-12-11 12:09:44,890 - INFO - Connected to elastic search Successfully
2023-12-11 12:09:45,751 - INFO - User Rating Average : 270
2023-12-11 12:09:45,846 - INFO - User Rating Average : 270
2023-12-11 12:09:46,794 - INFO - Connected to elastic search Successfully
2023-12-11 12:09:47,486 - INFO - User Rating Average : 271
2023-12-11 12:09:48,835 - INFO - Connected to elastic search Successfully
2023-12-11 12:09:49,515 - INFO - User Rating Average : 272
2023-12-11 12:09:49,613 - INFO - User Rating Average : 272
2023-12-11 12:09:50,777 - INFO - Connected to elastic search Successfully
2023-12-11 12:09:51,489 - INFO - User Rating Average : 273
2023-12-11 12:09:52,732 - INFO - User Rating Average : 273
2023-12-11 12:09:52,833 - INFO - Connected to elastic search Successfully
2023-12-11 12:09:53,518 - INFO - User Rating Average : 274
2023-12-11 12:09:54,784 - INFO - Connected to elastic search Successfully
2023-12-11 12:09:55,485 - INFO - User Rating Average : 275
2023-12-11 12:09:56,320 - INFO - User Rating Average : 275
2023-12-11 12:09:56,934 - INFO - Connected to elastic search Successfully
2023-12-11 12:09:57,648 - INFO - User Rating Average : 276
2023-12-11 12:09:58,789 - INFO - Connected to elastic search Successfully
2023-12-11 12:09:59,489 - INFO - User Rating Average : 277
2023-12-11 12:09:59,831 - INFO - User Rating Average : 277
2023-12-11 12:10:00,784 - INFO - Connected to elastic search Successfully
2023-12-11 12:10:01,449 - INFO - User Rating Average : 278
2023-12-11 12:10:02,808 - INFO - Connected to elastic search Successfully
2023-12-11 12:10:03,266 - INFO - User Rating Average : 279
2023-12-11 12:10:03,486 - INFO - User Rating Average : 279
2023-12-11 12:10:04,803 - INFO - Connected to elastic search Successfully
2023-12-11 12:10:05,609 - INFO - User Rating Average : 280
2023-12-11 12:10:06,696 - INFO - User Rating Average : 280
2023-12-11 12:10:06,857 - INFO - Connected to elastic search Successfully
2023-12-11 12:10:07,581 - INFO - User Rating Average : 281
2023-12-11 12:10:08,817 - INFO - Connected to elastic search Successfully
2023-12-11 12:10:09,502 - INFO - User Rating Average : 282
2023-12-11 12:10:10,187 - INFO - User Rating Average : 282
2023-12-11 12:10:10,820 - INFO - Connected to elastic search Successfully
2023-12-11 12:10:11,494 - INFO - User Rating Average : 283
2023-12-11 12:10:12,837 - INFO - Connected to elastic search Successfully
2023-12-11 12:10:13,506 - INFO - User Rating Average : 284
2023-12-11 12:10:13,682 - INFO - User Rating Average : 284
2023-12-11 12:10:14,815 - INFO - Connected to elastic search Successfully
2023-12-11 12:10:15,515 - INFO - User Rating Average : 285
2023-12-11 12:10:16,764 - INFO - User Rating Average : 285
2023-12-11 12:10:16,914 - INFO - Connected to elastic search Successfully
2023-12-11 12:10:17,674 - INFO - User Rating Average : 286
2023-12-11 12:10:18,908 - INFO - Connected to elastic search Successfully
2023-12-11 12:10:19,674 - INFO - User Rating Average : 287
2023-12-11 12:10:20,419 - INFO - User Rating Average : 287
2023-12-11 12:10:21,100 - INFO - Connected to elastic search Successfully
2023-12-11 12:10:21,773 - INFO - User Rating Average : 288
2023-12-11 12:10:22,857 - INFO - Connected to elastic search Successfully
2023-12-11 12:10:23,559 - INFO - User Rating Average : 289
2023-12-11 12:10:23,755 - INFO - User Rating Average : 289
2023-12-11 12:10:24,852 - INFO - Connected to elastic search Successfully
2023-12-11 12:10:25,533 - INFO - User Rating Average : 290
2023-12-11 12:10:26,810 - INFO - User Rating Average : 290
2023-12-11 12:10:26,904 - INFO - Connected to elastic search Successfully
2023-12-11 12:10:27,648 - INFO - User Rating Average : 291
2023-12-11 12:10:28,871 - INFO - Connected to elastic search Successfully
2023-12-11 12:10:29,576 - INFO - User Rating Average : 292
2023-12-11 12:10:30,631 - INFO - User Rating Average : 292
2023-12-11 12:10:30,893 - INFO - Connected to elastic search Successfully
2023-12-11 12:10:31,560 - INFO - User Rating Average : 293
2023-12-11 12:10:32,875 - INFO - Connected to elastic search Successfully
2023-12-11 12:10:33,554 - INFO - User Rating Average : 294
2023-12-11 12:10:33,674 - INFO - User Rating Average : 294
2023-12-11 12:10:34,870 - INFO - Connected to elastic search Successfully
2023-12-11 12:10:35,556 - INFO - User Rating Average : 295
2023-12-11 12:10:36,834 - INFO - User Rating Average : 295
2023-12-11 12:10:37,815 - INFO - Connected to elastic search Successfully
2023-12-11 12:10:38,480 - INFO - User Rating Average : 296
2023-12-11 12:10:39,007 - INFO - Connected to elastic search Successfully
2023-12-11 12:10:39,690 - INFO - User Rating Average : 297
2023-12-11 12:10:40,359 - INFO - User Rating Average : 297
2023-12-11 12:10:40,909 - INFO - Connected to elastic search Successfully
2023-12-11 12:10:41,587 - INFO - User Rating Average : 298
2023-12-11 12:10:43,213 - INFO - Connected to elastic search Successfully
2023-12-11 12:10:44,044 - INFO - User Rating Average : 299
2023-12-11 12:10:44,117 - INFO - User Rating Average : 299
2023-12-11 12:10:45,050 - INFO - Connected to elastic search Successfully
2023-12-11 12:10:45,763 - INFO - User Rating Average : 300
2023-12-11 12:10:46,985 - INFO - Connected to elastic search Successfully
2023-12-11 12:10:47,509 - INFO - User Rating Average : 301
2023-12-11 12:10:47,761 - INFO - User Rating Average : 301
2023-12-11 12:10:48,948 - INFO - Connected to elastic search Successfully
2023-12-11 12:10:49,618 - INFO - User Rating Average : 302
2023-12-11 12:10:51,037 - INFO - Connected to elastic search Successfully
2023-12-11 12:10:51,453 - INFO - User Rating Average : 303
2023-12-11 12:10:51,851 - INFO - User Rating Average : 303
2023-12-11 12:10:52,924 - INFO - Connected to elastic search Successfully
2023-12-11 12:10:53,592 - INFO - User Rating Average : 304
2023-12-11 12:10:54,886 - INFO - User Rating Average : 304
2023-12-11 12:10:54,951 - INFO - Connected to elastic search Successfully
2023-12-11 12:10:55,582 - INFO - User Rating Average : 305
2023-12-11 12:10:56,927 - INFO - Connected to elastic search Successfully
2023-12-11 12:10:57,564 - INFO - User Rating Average : 306
2023-12-11 12:10:58,296 - INFO - User Rating Average : 306
2023-12-11 12:10:58,931 - INFO - Connected to elastic search Successfully
2023-12-11 12:10:59,619 - INFO - User Rating Average : 307
2023-12-11 12:11:00,936 - INFO - Connected to elastic search Successfully
2023-12-11 12:11:01,583 - INFO - User Rating Average : 308
2023-12-11 12:11:01,745 - INFO - User Rating Average : 308
2023-12-11 12:11:02,929 - INFO - Connected to elastic search Successfully
2023-12-11 12:11:03,573 - INFO - User Rating Average : 309
2023-12-11 12:11:04,900 - INFO - User Rating Average : 309
2023-12-11 12:11:04,965 - INFO - Connected to elastic search Successfully
2023-12-11 12:11:05,631 - INFO - User Rating Average : 310
2023-12-11 12:11:06,951 - INFO - Connected to elastic search Successfully
2023-12-11 12:11:07,607 - INFO - User Rating Average : 311
2023-12-11 12:11:08,383 - INFO - User Rating Average : 311
2023-12-11 12:11:08,955 - INFO - Connected to elastic search Successfully
2023-12-11 12:11:09,599 - INFO - User Rating Average : 312
2023-12-11 12:11:10,955 - INFO - Connected to elastic search Successfully
2023-12-11 12:11:11,623 - INFO - User Rating Average : 313
2023-12-11 12:11:11,733 - INFO - User Rating Average : 313
2023-12-11 12:11:12,964 - INFO - Connected to elastic search Successfully
2023-12-11 12:11:13,630 - INFO - User Rating Average : 314
2023-12-11 12:11:14,918 - INFO - User Rating Average : 314
2023-12-11 12:11:14,978 - INFO - Connected to elastic search Successfully
2023-12-11 12:11:15,678 - INFO - User Rating Average : 315
2023-12-11 12:11:17,002 - INFO - Connected to elastic search Successfully
2023-12-11 12:11:17,680 - INFO - User Rating Average : 316
2023-12-11 12:11:18,359 - INFO - User Rating Average : 316
2023-12-11 12:11:18,979 - INFO - Connected to elastic search Successfully
2023-12-11 12:11:19,619 - INFO - User Rating Average : 317
2023-12-11 12:11:20,998 - INFO - Connected to elastic search Successfully
2023-12-11 12:11:21,660 - INFO - User Rating Average : 318
2023-12-11 12:11:21,740 - INFO - User Rating Average : 318
2023-12-11 12:11:23,005 - INFO - Connected to elastic search Successfully
2023-12-11 12:11:23,650 - INFO - User Rating Average : 319
2023-12-11 12:11:24,942 - INFO - User Rating Average : 319
2023-12-11 12:11:24,993 - INFO - Connected to elastic search Successfully
2023-12-11 12:11:25,645 - INFO - User Rating Average : 320
2023-12-11 12:11:26,991 - INFO - Connected to elastic search Successfully
2023-12-11 12:11:27,619 - INFO - User Rating Average : 321
2023-12-11 12:11:28,348 - INFO - User Rating Average : 321
2023-12-11 12:11:29,008 - INFO - Connected to elastic search Successfully
2023-12-11 12:11:29,667 - INFO - User Rating Average : 322
2023-12-11 12:11:31,014 - INFO - Connected to elastic search Successfully
2023-12-11 12:11:31,665 - INFO - User Rating Average : 323
2023-12-11 12:11:31,742 - INFO - User Rating Average : 323
2023-12-11 12:11:33,011 - INFO - Connected to elastic search Successfully
2023-12-11 12:11:33,662 - INFO - User Rating Average : 324
2023-12-11 12:11:34,957 - INFO - User Rating Average : 324
2023-12-11 12:11:35,037 - INFO - Connected to elastic search Successfully
2023-12-11 12:11:35,693 - INFO - User Rating Average : 325
2023-12-11 12:11:37,209 - INFO - Connected to elastic search Successfully
2023-12-11 12:11:38,129 - INFO - User Rating Average : 326
2023-12-11 12:11:39,015 - INFO - User Rating Average : 326
2023-12-11 12:11:39,512 - INFO - Connected to elastic search Successfully
2023-12-11 12:11:40,337 - INFO - User Rating Average : 327
2023-12-11 12:11:41,525 - INFO - Connected to elastic search Successfully
2023-12-11 12:11:42,556 - INFO - User Rating Average : 328
2023-12-11 12:11:43,863 - INFO - User Rating Average : 329
2023-12-11 12:11:43,978 - INFO - Connected to elastic search Successfully
2023-12-11 12:11:44,976 - INFO - User Rating Average : 329
2023-12-11 12:11:45,914 - INFO - Connected to elastic search Successfully
2023-12-11 12:11:47,364 - INFO - User Rating Average : 330
2023-12-11 12:11:48,169 - INFO - Connected to elastic search Successfully
2023-12-11 12:11:48,490 - INFO - User Rating Average : 331
2023-12-11 12:11:49,234 - INFO - User Rating Average : 331
2023-12-11 12:11:50,835 - INFO - Connected to elastic search Successfully
2023-12-11 12:11:52,462 - INFO - User Rating Average : 333
2023-12-11 12:11:53,457 - INFO - User Rating Average : 333
2023-12-11 12:11:53,890 - INFO - Connected to elastic search Successfully
2023-12-11 12:11:55,158 - INFO - User Rating Average : 334
2023-12-11 12:11:57,497 - INFO - Connected to elastic search Successfully
2023-12-11 12:11:59,163 - INFO - User Rating Average : 336
2023-12-11 12:11:59,165 - INFO - User Rating Average : 336
2023-12-11 12:12:01,421 - INFO - Connected to elastic search Successfully
2023-12-11 12:12:02,840 - INFO - User Rating Average : 338
2023-12-11 12:12:04,740 - INFO - Connected to elastic search Successfully
2023-12-11 12:12:05,442 - INFO - User Rating Average : 339
2023-12-11 12:12:06,489 - INFO - User Rating Average : 340
2023-12-11 12:12:08,014 - INFO - Connected to elastic search Successfully
2023-12-11 12:12:09,614 - INFO - User Rating Average : 341
2023-12-11 12:12:10,837 - INFO - User Rating Average : 342
2023-12-11 12:12:12,383 - INFO - Connected to elastic search Successfully
2023-12-11 12:12:13,908 - INFO - User Rating Average : 343
2023-12-11 12:12:15,108 - INFO - Connected to elastic search Successfully
2023-12-11 12:12:15,973 - INFO - User Rating Average : 344
2023-12-11 12:12:15,976 - INFO - User Rating Average : 344
2023-12-11 12:12:17,950 - INFO - Connected to elastic search Successfully
2023-12-11 12:12:19,231 - INFO - User Rating Average : 346
2023-12-11 12:12:21,453 - INFO - Connected to elastic search Successfully
2023-12-11 12:12:22,316 - INFO - User Rating Average : 347
2023-12-11 12:12:23,152 - INFO - User Rating Average : 348
2023-12-11 12:12:24,779 - INFO - Connected to elastic search Successfully
2023-12-11 12:12:25,910 - INFO - User Rating Average : 349
2023-12-11 12:12:26,601 - INFO - Connected to elastic search Successfully
2023-12-11 12:12:26,831 - INFO - User Rating Average : 350
2023-12-11 12:12:27,802 - INFO - User Rating Average : 350
2023-12-11 12:12:28,531 - INFO - Connected to elastic search Successfully
2023-12-11 12:12:29,436 - INFO - User Rating Average : 351
2023-12-11 12:12:30,848 - INFO - Connected to elastic search Successfully
2023-12-11 12:12:31,365 - INFO - User Rating Average : 352
2023-12-11 12:12:31,764 - INFO - User Rating Average : 352
2023-12-11 12:12:33,026 - INFO - Connected to elastic search Successfully
2023-12-11 12:12:34,093 - INFO - User Rating Average : 353
2023-12-11 12:12:34,941 - INFO - Connected to elastic search Successfully
2023-12-11 12:12:36,136 - INFO - User Rating Average : 354
2023-12-11 12:12:36,143 - INFO - User Rating Average : 354
2023-12-11 12:12:37,191 - INFO - Connected to elastic search Successfully
2023-12-11 12:12:38,407 - INFO - User Rating Average : 355
2023-12-11 12:12:39,739 - INFO - Connected to elastic search Successfully
2023-12-11 12:12:40,487 - INFO - User Rating Average : 356
2023-12-11 12:12:40,492 - INFO - User Rating Average : 356
2023-12-11 12:12:41,328 - INFO - Connected to elastic search Successfully
2023-12-11 12:12:42,474 - INFO - User Rating Average : 357
2023-12-11 12:12:43,047 - INFO - Connected to elastic search Successfully
2023-12-11 12:12:44,308 - INFO - User Rating Average : 358
2023-12-11 12:12:45,154 - INFO - Connected to elastic search Successfully
2023-12-11 12:12:45,325 - INFO - User Rating Average : 359
2023-12-11 12:12:46,190 - INFO - User Rating Average : 359
2023-12-11 12:12:47,011 - INFO - Connected to elastic search Successfully
2023-12-11 12:12:48,023 - INFO - User Rating Average : 360
2023-12-11 12:12:49,001 - INFO - Connected to elastic search Successfully
2023-12-11 12:12:49,935 - INFO - User Rating Average : 361
2023-12-11 12:12:49,942 - INFO - User Rating Average : 361
2023-12-11 12:12:51,016 - INFO - Connected to elastic search Successfully
2023-12-11 12:12:52,336 - INFO - User Rating Average : 362
2023-12-11 12:12:53,879 - INFO - Connected to elastic search Successfully
2023-12-11 12:12:54,722 - INFO - User Rating Average : 363
2023-12-11 12:12:54,727 - INFO - User Rating Average : 363
2023-12-11 12:12:55,870 - INFO - Connected to elastic search Successfully
2023-12-11 12:12:56,871 - INFO - User Rating Average : 364
2023-12-11 12:12:57,460 - INFO - Connected to elastic search Successfully
2023-12-11 12:12:58,468 - INFO - User Rating Average : 365
2023-12-11 12:12:59,212 - INFO - Connected to elastic search Successfully
2023-12-11 12:12:59,381 - INFO - User Rating Average : 366
2023-12-11 12:13:00,582 - INFO - User Rating Average : 366
2023-12-11 12:13:02,146 - INFO - Connected to elastic search Successfully
2023-12-11 12:13:02,992 - INFO - User Rating Average : 367
2023-12-11 12:13:03,959 - INFO - Connected to elastic search Successfully
2023-12-11 12:13:04,033 - INFO - User Rating Average : 368
2023-12-11 12:13:05,078 - INFO - User Rating Average : 368
2023-12-11 12:13:06,313 - INFO - Connected to elastic search Successfully
2023-12-11 12:13:07,857 - INFO - User Rating Average : 370
2023-12-11 12:13:10,060 - INFO - User Rating Average : 371
2023-12-11 12:13:10,199 - INFO - Connected to elastic search Successfully
2023-12-11 12:13:11,061 - INFO - User Rating Average : 371
2023-12-11 12:13:12,069 - INFO - Connected to elastic search Successfully
2023-12-11 12:13:13,028 - INFO - User Rating Average : 372
2023-12-11 12:13:13,661 - INFO - Connected to elastic search Successfully
2023-12-11 12:13:14,585 - INFO - User Rating Average : 373
2023-12-11 12:13:14,645 - INFO - User Rating Average : 373
2023-12-11 12:13:15,629 - INFO - Connected to elastic search Successfully
2023-12-11 12:13:16,559 - INFO - User Rating Average : 374
2023-12-11 12:13:17,584 - INFO - Connected to elastic search Successfully
2023-12-11 12:13:18,693 - INFO - User Rating Average : 375
2023-12-11 12:13:19,178 - INFO - User Rating Average : 375
2023-12-11 12:13:19,615 - INFO - Connected to elastic search Successfully
2023-12-11 12:13:20,549 - INFO - User Rating Average : 376
2023-12-11 12:13:21,550 - INFO - Connected to elastic search Successfully
2023-12-11 12:13:22,373 - INFO - User Rating Average : 377
2023-12-11 12:13:23,264 - INFO - User Rating Average : 377
2023-12-11 12:13:23,513 - INFO - Connected to elastic search Successfully
2023-12-11 12:13:24,474 - INFO - User Rating Average : 378
2023-12-11 12:13:26,161 - INFO - Connected to elastic search Successfully
2023-12-11 12:13:27,382 - INFO - User Rating Average : 379
2023-12-11 12:13:28,421 - INFO - User Rating Average : 380
2023-12-11 12:13:29,046 - INFO - Connected to elastic search Successfully
2023-12-11 12:13:30,156 - INFO - User Rating Average : 381
2023-12-11 12:13:31,171 - INFO - Connected to elastic search Successfully
2023-12-11 12:13:32,465 - INFO - User Rating Average : 382
2023-12-11 12:13:33,190 - INFO - User Rating Average : 382
2023-12-11 12:13:33,208 - INFO - Connected to elastic search Successfully
2023-12-11 12:13:34,374 - INFO - User Rating Average : 383
2023-12-11 12:13:35,250 - INFO - Connected to elastic search Successfully
2023-12-11 12:13:36,586 - INFO - User Rating Average : 384
2023-12-11 12:13:37,257 - INFO - Connected to elastic search Successfully
2023-12-11 12:13:37,445 - INFO - User Rating Average : 384
2023-12-11 12:13:38,335 - INFO - User Rating Average : 385
2023-12-11 12:14:14,075 - INFO - Connected to elastic search Successfully
2023-12-11 12:14:14,916 - INFO - User Rating Average : 402
2023-12-11 12:14:15,487 - INFO - Connected to elastic search Successfully
2023-12-11 12:14:16,285 - INFO - User Rating Average : 403
2023-12-11 12:14:17,110 - INFO - User Rating Average : 403
2023-12-11 12:14:17,548 - INFO - Connected to elastic search Successfully
2023-12-11 12:14:18,375 - INFO - User Rating Average : 404
2023-12-11 12:14:19,422 - INFO - Connected to elastic search Successfully
2023-12-11 12:14:20,220 - INFO - User Rating Average : 405
2023-12-11 12:14:20,221 - INFO - User Rating Average : 405
2023-12-11 12:14:21,425 - INFO - Connected to elastic search Successfully
2023-12-11 12:14:22,130 - INFO - User Rating Average : 406
2023-12-11 12:14:23,477 - INFO - User Rating Average : 406
2023-12-11 12:14:23,522 - INFO - Connected to elastic search Successfully
2023-12-11 12:14:24,303 - INFO - User Rating Average : 407
2023-12-11 12:14:25,512 - INFO - Connected to elastic search Successfully
2023-12-11 12:14:26,253 - INFO - User Rating Average : 408
2023-12-11 12:14:27,134 - INFO - User Rating Average : 408
2023-12-11 12:14:27,540 - INFO - Connected to elastic search Successfully
2023-12-11 12:14:28,305 - INFO - User Rating Average : 409
2023-12-11 12:14:29,657 - INFO - Connected to elastic search Successfully
2023-12-11 12:14:30,454 - INFO - User Rating Average : 410
2023-12-11 12:14:30,567 - INFO - User Rating Average : 410
2023-12-11 12:14:31,609 - INFO - Connected to elastic search Successfully
2023-12-11 12:14:32,490 - INFO - User Rating Average : 411
2023-12-11 12:14:33,656 - INFO - Connected to elastic search Successfully
2023-12-11 12:14:34,188 - INFO - User Rating Average : 412
2023-12-11 12:14:34,399 - INFO - User Rating Average : 412
2023-12-11 12:14:35,766 - INFO - Connected to elastic search Successfully
2023-12-11 12:14:36,545 - INFO - User Rating Average : 413
2023-12-11 12:14:38,071 - INFO - Connected to elastic search Successfully
2023-12-11 12:14:38,231 - INFO - User Rating Average : 414
2023-12-11 12:14:39,204 - INFO - User Rating Average : 414
2023-12-11 12:14:40,427 - INFO - Connected to elastic search Successfully
2023-12-11 12:14:41,700 - INFO - User Rating Average : 415
2023-12-11 12:14:42,907 - INFO - Connected to elastic search Successfully
2023-12-11 12:14:43,544 - INFO - User Rating Average : 416
2023-12-11 12:14:43,921 - INFO - User Rating Average : 416
2023-12-11 12:14:45,935 - INFO - Connected to elastic search Successfully
2023-12-11 12:14:46,994 - INFO - User Rating Average : 418
2023-12-11 12:14:48,620 - INFO - Connected to elastic search Successfully
2023-12-11 12:14:49,867 - INFO - User Rating Average : 419
2023-12-11 12:14:49,878 - INFO - User Rating Average : 419
2023-12-11 12:14:51,553 - INFO - Connected to elastic search Successfully
2023-12-11 12:14:52,331 - INFO - User Rating Average : 420
2023-12-11 12:14:53,930 - INFO - Connected to elastic search Successfully
2023-12-11 12:14:55,604 - INFO - User Rating Average : 422
2023-12-11 12:14:55,611 - INFO - User Rating Average : 422
2023-12-11 12:14:57,218 - INFO - Connected to elastic search Successfully
2023-12-11 12:14:58,554 - INFO - User Rating Average : 423
2023-12-11 12:14:59,764 - INFO - Connected to elastic search Successfully
2023-12-11 12:15:00,325 - INFO - User Rating Average : 424
2023-12-11 12:15:01,341 - INFO - User Rating Average : 425
2023-12-11 12:15:03,633 - INFO - Connected to elastic search Successfully
2023-12-11 12:15:04,807 - INFO - User Rating Average : 426
2023-12-11 12:15:07,760 - INFO - User Rating Average : 428
2023-12-11 12:15:08,643 - INFO - Connected to elastic search Successfully
2023-12-11 12:15:10,245 - INFO - User Rating Average : 429
2023-12-11 12:15:12,394 - INFO - Connected to elastic search Successfully
2023-12-11 12:15:12,979 - INFO - User Rating Average : 430
2023-12-11 12:15:13,635 - INFO - User Rating Average : 431
2023-12-11 12:15:14,790 - INFO - Connected to elastic search Successfully
2023-12-11 12:15:15,959 - INFO - User Rating Average : 432
2023-12-11 12:15:17,884 - INFO - Connected to elastic search Successfully
2023-12-11 12:15:17,983 - INFO - User Rating Average : 433
2023-12-11 12:15:19,008 - INFO - User Rating Average : 433
2023-12-11 12:15:20,507 - INFO - Connected to elastic search Successfully
2023-12-11 12:15:21,364 - INFO - User Rating Average : 434
2023-12-11 12:15:22,352 - INFO - Connected to elastic search Successfully
2023-12-11 12:15:22,987 - INFO - User Rating Average : 435
2023-12-11 12:15:23,683 - INFO - User Rating Average : 435
2023-12-11 12:15:25,603 - INFO - Connected to elastic search Successfully
2023-12-11 12:15:26,750 - INFO - User Rating Average : 437
2023-12-11 12:15:28,249 - INFO - Connected to elastic search Successfully
2023-12-11 12:15:29,392 - INFO - User Rating Average : 438
2023-12-11 12:15:29,398 - INFO - User Rating Average : 438
2023-12-11 12:15:30,917 - INFO - Connected to elastic search Successfully
2023-12-11 12:15:31,764 - INFO - User Rating Average : 439
2023-12-11 12:15:32,752 - INFO - Connected to elastic search Successfully
2023-12-11 12:15:33,841 - INFO - User Rating Average : 440
2023-12-11 12:15:33,843 - INFO - User Rating Average : 440
2023-12-11 12:15:36,539 - INFO - Connected to elastic search Successfully
2023-12-11 12:15:38,272 - INFO - User Rating Average : 442
2023-12-11 12:15:39,824 - INFO - User Rating Average : 443
2023-12-11 12:15:44,376 - INFO - Connected to elastic search Successfully
2023-12-11 12:15:46,054 - INFO - User Rating Average : 446
2023-12-11 12:15:46,350 - INFO - User Rating Average : 446
2023-12-11 12:15:49,375 - INFO - Connected to elastic search Successfully
2023-12-11 12:15:50,695 - INFO - User Rating Average : 448
2023-12-11 12:15:53,538 - INFO - Connected to elastic search Successfully
2023-12-11 12:15:54,823 - INFO - User Rating Average : 450
2023-12-11 12:15:55,761 - INFO - User Rating Average : 451
2023-12-11 12:15:58,694 - INFO - Connected to elastic search Successfully
2023-12-11 12:16:00,089 - INFO - User Rating Average : 453
2023-12-11 12:16:02,038 - INFO - User Rating Average : 454
2023-12-11 12:16:03,151 - INFO - Connected to elastic search Successfully
2023-12-11 12:16:04,784 - INFO - User Rating Average : 455
2023-12-11 12:16:07,384 - INFO - User Rating Average : 456
2023-12-11 12:16:09,475 - INFO - Connected to elastic search Successfully
2023-12-11 12:16:11,308 - INFO - User Rating Average : 458
2023-12-11 12:16:14,779 - INFO - Connected to elastic search Successfully
2023-12-11 12:16:14,802 - INFO - User Rating Average : 460
2023-12-11 12:16:16,609 - INFO - User Rating Average : 461
2023-12-11 12:16:20,148 - INFO - Connected to elastic search Successfully
2023-12-11 12:16:22,315 - INFO - User Rating Average : 463
2023-12-11 12:16:22,323 - INFO - User Rating Average : 463
2023-12-11 12:16:25,564 - INFO - Connected to elastic search Successfully
2023-12-11 12:16:27,623 - INFO - User Rating Average : 466
2023-12-11 12:16:49,572 - INFO - User Rating Average : 474
2023-12-11 12:16:51,962 - INFO - Connected to elastic search Successfully
2023-12-11 12:16:54,971 - INFO - User Rating Average : 477
2023-12-11 12:17:11,352 - INFO - User Rating Average : 484
2023-12-11 12:17:12,479 - INFO - Connected to elastic search Successfully
2023-12-11 12:17:14,578 - INFO - User Rating Average : 486
2023-12-11 12:17:17,590 - INFO - Connected to elastic search Successfully
2023-12-11 12:17:19,612 - INFO - User Rating Average : 488
2023-12-11 12:17:19,617 - INFO - User Rating Average : 488
2023-12-11 12:17:24,165 - INFO - Connected to elastic search Successfully
2023-12-11 12:17:25,893 - INFO - User Rating Average : 491
2023-12-11 12:17:28,843 - INFO - Connected to elastic search Successfully
2023-12-11 12:17:28,973 - INFO - User Rating Average : 493
2023-12-11 12:17:30,498 - INFO - User Rating Average : 493
2023-12-11 12:17:33,267 - INFO - Connected to elastic search Successfully
2023-12-11 12:17:35,117 - INFO - User Rating Average : 496
2023-12-11 12:17:35,188 - INFO - User Rating Average : 496
2023-12-11 12:17:45,848 - INFO - Connected to elastic search Successfully
2023-12-11 12:17:47,817 - INFO - User Rating Average : 502
2023-12-11 12:17:48,878 - INFO - User Rating Average : 502
2023-12-11 12:17:50,220 - INFO - Connected to elastic search Successfully
2023-12-11 12:17:52,521 - INFO - User Rating Average : 504
2023-12-11 12:17:53,620 - INFO - Connected to elastic search Successfully
2023-12-11 12:17:55,090 - INFO - User Rating Average : 505
2023-12-11 12:17:56,144 - INFO - User Rating Average : 506
2023-12-11 12:17:57,859 - INFO - Connected to elastic search Successfully
2023-12-11 12:17:59,366 - INFO - User Rating Average : 507
2023-12-11 12:18:02,379 - INFO - User Rating Average : 509
2023-12-11 12:18:03,743 - INFO - Connected to elastic search Successfully
2023-12-11 12:18:05,303 - INFO - User Rating Average : 510
2023-12-11 12:18:07,240 - INFO - Connected to elastic search Successfully
2023-12-11 12:18:07,602 - INFO - User Rating Average : 511
2023-12-11 12:18:08,351 - INFO - User Rating Average : 512
2023-12-11 12:18:11,578 - INFO - Connected to elastic search Successfully
2023-12-11 12:18:13,247 - INFO - User Rating Average : 514
2023-12-11 12:18:14,267 - INFO - User Rating Average : 514
2023-12-11 12:18:16,033 - INFO - Connected to elastic search Successfully
2023-12-11 12:18:17,322 - INFO - User Rating Average : 516
2023-12-11 12:18:18,445 - INFO - Connected to elastic search Successfully
2023-12-11 12:18:19,791 - INFO - User Rating Average : 517
2023-12-11 12:18:19,800 - INFO - User Rating Average : 517
2023-12-11 12:24:11,648 - INFO - Connected to elastic search Successfully
2023-12-11 12:24:12,682 - INFO - User Rating Average : 687
2023-12-11 12:24:14,868 - INFO - Connected to elastic search Successfully
2023-12-11 12:24:15,512 - INFO - User Rating Average : 688
2023-12-11 12:24:15,514 - INFO - User Rating Average : 688
2023-12-11 12:24:16,496 - INFO - Connected to elastic search Successfully
2023-12-11 12:24:17,722 - INFO - User Rating Average : 689
2023-12-11 12:24:18,545 - INFO - Connected to elastic search Successfully
2023-12-11 12:24:19,439 - INFO - User Rating Average : 690
2023-12-11 12:24:19,578 - INFO - User Rating Average : 690
2023-12-11 12:24:19,927 - INFO - Connected to elastic search Successfully
2023-12-11 12:24:20,696 - INFO - User Rating Average : 691
2023-12-11 12:24:22,311 - INFO - Connected to elastic search Successfully
2023-12-11 12:24:23,292 - INFO - User Rating Average : 692
2023-12-11 12:24:23,507 - INFO - User Rating Average : 692
2023-12-11 12:24:23,942 - INFO - Connected to elastic search Successfully
2023-12-11 12:24:24,885 - INFO - User Rating Average : 693
2023-12-11 12:24:26,355 - INFO - Connected to elastic search Successfully
2023-12-11 12:24:27,471 - INFO - User Rating Average : 694
2023-12-11 12:24:27,894 - INFO - User Rating Average : 694
2023-12-11 12:24:28,661 - INFO - Connected to elastic search Successfully
2023-12-11 12:24:30,201 - INFO - User Rating Average : 695
2023-12-11 12:24:31,526 - INFO - Connected to elastic search Successfully
2023-12-11 12:24:32,752 - INFO - User Rating Average : 697
2023-12-11 12:24:32,757 - INFO - User Rating Average : 697
2023-12-11 12:24:34,555 - INFO - Connected to elastic search Successfully
2023-12-11 12:24:36,308 - INFO - User Rating Average : 698
2023-12-11 12:24:38,285 - INFO - Connected to elastic search Successfully
2023-12-11 12:24:38,461 - INFO - User Rating Average : 699
2023-12-11 12:24:39,353 - INFO - User Rating Average : 700
2023-12-11 12:24:40,378 - INFO - Connected to elastic search Successfully
2023-12-11 12:24:41,666 - INFO - User Rating Average : 701
2023-12-11 12:24:42,722 - INFO - Connected to elastic search Successfully
2023-12-11 12:24:44,342 - INFO - User Rating Average : 702
2023-12-11 12:24:44,344 - INFO - User Rating Average : 702
2023-12-11 12:24:46,016 - INFO - Connected to elastic search Successfully
2023-12-11 12:24:47,327 - INFO - User Rating Average : 704
2023-12-11 12:24:48,976 - INFO - Connected to elastic search Successfully
2023-12-11 12:24:49,583 - INFO - User Rating Average : 705
2023-12-11 12:24:50,319 - INFO - User Rating Average : 705
2023-12-11 12:24:52,226 - INFO - Connected to elastic search Successfully
2023-12-11 12:24:53,552 - INFO - User Rating Average : 707
2023-12-11 12:24:54,283 - INFO - User Rating Average : 707
2023-12-11 12:24:54,794 - INFO - Connected to elastic search Successfully
2023-12-11 12:24:55,796 - INFO - User Rating Average : 708
2023-12-11 12:24:56,960 - INFO - Connected to elastic search Successfully
2023-12-11 12:24:57,805 - INFO - User Rating Average : 709
2023-12-11 12:24:59,389 - INFO - Connected to elastic search Successfully
2023-12-11 12:24:59,463 - INFO - User Rating Average : 710
2023-12-11 12:25:00,394 - INFO - User Rating Average : 710
2023-12-11 12:25:01,127 - INFO - Connected to elastic search Successfully
2023-12-11 12:25:02,031 - INFO - User Rating Average : 711
2023-12-11 12:25:03,156 - INFO - Connected to elastic search Successfully
2023-12-11 12:25:04,121 - INFO - User Rating Average : 712
2023-12-11 12:25:04,126 - INFO - User Rating Average : 712
2023-12-11 12:25:05,200 - INFO - Connected to elastic search Successfully
2023-12-11 12:25:06,251 - INFO - User Rating Average : 713
2023-12-11 12:25:08,140 - INFO - Connected to elastic search Successfully
2023-12-11 12:25:09,181 - INFO - User Rating Average : 714
2023-12-11 12:25:09,191 - INFO - User Rating Average : 714
2023-12-11 12:25:12,322 - INFO - Connected to elastic search Successfully
2023-12-11 12:25:13,233 - INFO - User Rating Average : 716
2023-12-11 12:25:16,115 - INFO - Connected to elastic search Successfully
2023-12-11 12:25:16,763 - INFO - User Rating Average : 718
2023-12-11 12:25:17,486 - INFO - User Rating Average : 718
2023-12-11 12:25:19,158 - INFO - Connected to elastic search Successfully
2023-12-11 12:25:20,550 - INFO - User Rating Average : 720
2023-12-11 12:25:22,654 - INFO - Connected to elastic search Successfully
2023-12-11 12:25:22,706 - INFO - User Rating Average : 721
2023-12-11 12:25:23,609 - INFO - User Rating Average : 721
2023-12-11 12:25:26,597 - INFO - Connected to elastic search Successfully
2023-12-11 12:25:28,255 - INFO - User Rating Average : 723
2023-12-11 12:25:28,425 - INFO - User Rating Average : 724
2023-12-11 12:25:30,423 - INFO - Connected to elastic search Successfully
2023-12-11 12:25:31,737 - INFO - User Rating Average : 725
2023-12-11 12:25:35,671 - INFO - Connected to elastic search Successfully
2023-12-11 12:25:35,890 - INFO - User Rating Average : 727
2023-12-11 12:25:37,701 - INFO - User Rating Average : 728
2023-12-11 12:25:42,606 - INFO - Connected to elastic search Successfully
2023-12-11 12:25:44,140 - INFO - User Rating Average : 731
2023-12-11 12:25:44,146 - INFO - User Rating Average : 731
2023-12-11 12:25:45,998 - INFO - Connected to elastic search Successfully
2023-12-11 12:25:47,506 - INFO - User Rating Average : 733
2023-12-11 12:25:48,695 - INFO - Connected to elastic search Successfully
2023-12-11 12:25:49,151 - INFO - User Rating Average : 734
2023-12-11 12:25:49,960 - INFO - User Rating Average : 734
2023-12-11 12:25:51,795 - INFO - Connected to elastic search Successfully
2023-12-11 12:25:53,380 - INFO - User Rating Average : 736
2023-12-11 12:25:55,368 - INFO - Connected to elastic search Successfully
2023-12-11 12:25:55,426 - INFO - User Rating Average : 737
2023-12-11 12:25:56,747 - INFO - User Rating Average : 737
2023-12-11 12:25:58,457 - INFO - Connected to elastic search Successfully
2023-12-11 12:26:00,033 - INFO - User Rating Average : 739
2023-12-11 12:26:00,833 - INFO - User Rating Average : 739
2023-12-11 12:26:01,575 - INFO - Connected to elastic search Successfully
2023-12-11 12:26:02,915 - INFO - User Rating Average : 740
2023-12-11 12:26:05,977 - INFO - Connected to elastic search Successfully
2023-12-11 12:26:07,092 - INFO - User Rating Average : 742
2023-12-11 12:26:07,096 - INFO - User Rating Average : 742
2023-12-11 12:26:08,915 - INFO - Connected to elastic search Successfully
2023-12-11 12:26:10,489 - INFO - User Rating Average : 744
2023-12-11 12:26:13,294 - INFO - User Rating Average : 745
2023-12-11 12:26:13,800 - INFO - Connected to elastic search Successfully
2023-12-11 12:26:15,289 - INFO - User Rating Average : 746
2023-12-11 12:26:17,811 - INFO - Connected to elastic search Successfully
2023-12-11 12:26:19,560 - INFO - User Rating Average : 748
2023-12-11 12:26:19,567 - INFO - User Rating Average : 748
2023-12-11 12:26:21,203 - INFO - Connected to elastic search Successfully
2023-12-11 12:26:22,870 - INFO - User Rating Average : 750
2023-12-11 12:26:25,738 - INFO - User Rating Average : 751
2023-12-11 12:26:27,018 - INFO - Connected to elastic search Successfully
2023-12-11 12:26:29,339 - INFO - User Rating Average : 753
2023-12-11 12:26:31,662 - INFO - Connected to elastic search Successfully
2023-12-11 12:26:33,139 - INFO - User Rating Average : 755
2023-12-11 12:26:33,154 - INFO - User Rating Average : 755
2023-12-11 12:26:35,631 - INFO - Connected to elastic search Successfully
2023-12-11 12:26:37,751 - INFO - User Rating Average : 757
2023-12-11 12:26:40,122 - INFO - User Rating Average : 758
2023-12-11 12:26:42,724 - INFO - Connected to elastic search Successfully
