2023-12-11 01:10:03,901 - INFO - Kafka Producer started -----------------------------------------------------------> Succefully 
2023-12-11 01:10:03,918 - INFO - Kafka Movies ------------------------------ Created Successfully: 
2023-12-11 01:10:03,919 - INFO - Kafka Reviews ------------------------------ Created Successfully: 
2023-12-11 01:10:03,921 - INFO - Kafka Users ------------------------------ Created Successfully: 
2023-12-11 01:10:04,242 - INFO - Movie 242 Produced Top  Movies  ------------------------------ Succefully 
2023-12-11 01:10:04,242 - INFO - Review 881250949 Produced Top  Reviews ------------------------------ Succefully 
2023-12-11 01:10:04,242 - INFO - Review 196 Produced Top Users ------------------------------ Succefully 
2023-12-11 01:10:06,931 - INFO - Movie 257 Produced Top  Movies  ------------------------------ Succefully 
2023-12-11 01:10:06,931 - INFO - Review 881251577 Produced Top  Reviews ------------------------------ Succefully 
2023-12-11 01:10:06,931 - INFO - Review 196 Produced Top Users ------------------------------ Succefully 
2023-12-11 01:10:08,941 - INFO - Movie 111 Produced Top  Movies  ------------------------------ Succefully 
2023-12-11 01:10:08,941 - INFO - Review 881251793 Produced Top  Reviews ------------------------------ Succefully 
2023-12-11 01:10:08,941 - INFO - Review 196 Produced Top Users ------------------------------ Succefully 
2023-12-11 01:10:10,944 - INFO - Movie 25 Produced Top  Movies  ------------------------------ Succefully 
2023-12-11 01:10:10,945 - INFO - Review 881251955 Produced Top  Reviews ------------------------------ Succefully 
2023-12-11 01:10:10,945 - INFO - Review 196 Produced Top Users ------------------------------ Succefully 
2023-12-11 01:10:12,948 - INFO - Movie 382 Produced Top  Movies  ------------------------------ Succefully 
2023-12-11 01:10:12,948 - INFO - Review 881251843 Produced Top  Reviews ------------------------------ Succefully 
2023-12-11 01:10:12,948 - INFO - Review 196 Produced Top Users ------------------------------ Succefully 
2023-12-11 01:10:14,951 - INFO - Movie 202 Produced Top  Movies  ------------------------------ Succefully 
2023-12-11 01:10:14,951 - INFO - Review 881251728 Produced Top  Reviews ------------------------------ Succefully 
2023-12-11 01:10:14,951 - INFO - Review 196 Produced Top Users ------------------------------ Succefully 
2023-12-11 01:10:16,954 - INFO - Movie 153 Produced Top  Movies  ------------------------------ Succefully 
2023-12-11 01:10:16,955 - INFO - Review 881251820 Produced Top  Reviews ------------------------------ Succefully 
2023-12-11 01:10:16,955 - INFO - Review 196 Produced Top Users ------------------------------ Succefully 
2023-12-11 01:10:18,957 - INFO - Movie 286 Produced Top  Movies  ------------------------------ Succefully 
2023-12-11 01:10:18,957 - INFO - Review 881250949 Produced Top  Reviews ------------------------------ Succefully 
2023-12-11 01:10:18,957 - INFO - Review 196 Produced Top Users ------------------------------ Succefully 
2023-12-11 01:10:20,960 - INFO - Movie 66 Produced Top  Movies  ------------------------------ Succefully 
2023-12-11 01:10:20,960 - INFO - Review 881251911 Produced Top  Reviews ------------------------------ Succefully 
2023-12-11 01:10:20,960 - INFO - Review 196 Produced Top Users ------------------------------ Succefully 
2023-12-11 01:10:22,963 - INFO - Movie 845 Produced Top  Movies  ------------------------------ Succefully 
2023-12-11 01:10:22,964 - INFO - Review 881251954 Produced Top  Reviews ------------------------------ Succefully 
2023-12-11 01:10:22,964 - INFO - Review 196 Produced Top Users ------------------------------ Succefully 
2023-12-11 01:10:24,993 - INFO - Movie 173 Produced Top  Movies  ------------------------------ Succefully 
2023-12-11 01:10:25,011 - INFO - Review 881251820 Produced Top  Reviews ------------------------------ Succefully 
2023-12-11 01:10:25,031 - INFO - Review 196 Produced Top Users ------------------------------ Succefully 
2023-12-11 01:10:27,033 - INFO - Movie 238 Produced Top  Movies  ------------------------------ Succefully 
2023-12-11 01:10:27,033 - INFO - Review 881251820 Produced Top  Reviews ------------------------------ Succefully 
2023-12-11 01:10:27,033 - INFO - Review 196 Produced Top Users ------------------------------ Succefully 
2023-12-11 01:10:29,036 - INFO - Movie 94 Produced Top  Movies  ------------------------------ Succefully 
2023-12-11 01:10:29,036 - INFO - Review 881252172 Produced Top  Reviews ------------------------------ Succefully 
2023-12-11 01:10:29,036 - INFO - Review 196 Produced Top Users ------------------------------ Succefully 
2023-12-11 01:10:31,038 - INFO - Movie 762 Produced Top  Movies  ------------------------------ Succefully 
2023-12-11 01:10:31,039 - INFO - Review 881251955 Produced Top  Reviews ------------------------------ Succefully 
2023-12-11 01:10:31,039 - INFO - Review 196 Produced Top Users ------------------------------ Succefully 
2023-12-11 01:10:33,041 - INFO - Movie 381 Produced Top  Movies  ------------------------------ Succefully 
2023-12-11 01:10:33,041 - INFO - Review 881251728 Produced Top  Reviews ------------------------------ Succefully 
2023-12-11 01:10:33,041 - INFO - Review 196 Produced Top Users ------------------------------ Succefully 
2023-12-11 01:10:35,044 - INFO - Movie 306 Produced Top  Movies  ------------------------------ Succefully 
2023-12-11 01:10:35,044 - INFO - Review 881251021 Produced Top  Reviews ------------------------------ Succefully 
2023-12-11 01:10:35,044 - INFO - Review 196 Produced Top Users ------------------------------ Succefully 
2023-12-11 01:10:37,048 - INFO - Movie 8 Produced Top  Movies  ------------------------------ Succefully 
2023-12-11 01:10:37,048 - INFO - Review 881251753 Produced Top  Reviews ------------------------------ Succefully 
2023-12-11 01:10:37,048 - INFO - Review 196 Produced Top Users ------------------------------ Succefully 
2023-12-11 01:10:39,051 - INFO - Movie 70 Produced Top  Movies  ------------------------------ Succefully 
2023-12-11 01:10:39,051 - INFO - Review 881251842 Produced Top  Reviews ------------------------------ Succefully 
2023-12-11 01:10:39,051 - INFO - Review 196 Produced Top Users ------------------------------ Succefully 
2023-12-11 01:10:41,057 - INFO - Movie 655 Produced Top  Movies  ------------------------------ Succefully 
2023-12-11 01:10:41,057 - INFO - Review 881251793 Produced Top  Reviews ------------------------------ Succefully 
2023-12-11 01:10:41,057 - INFO - Review 196 Produced Top Users ------------------------------ Succefully 
2023-12-11 01:10:43,060 - INFO - Movie 13 Produced Top  Movies  ------------------------------ Succefully 
2023-12-11 01:10:43,060 - INFO - Review 881251955 Produced Top  Reviews ------------------------------ Succefully 
2023-12-11 01:10:43,060 - INFO - Review 196 Produced Top Users ------------------------------ Succefully 
2023-12-11 01:10:45,063 - INFO - Movie 692 Produced Top  Movies  ------------------------------ Succefully 
2023-12-11 01:10:45,063 - INFO - Review 881252017 Produced Top  Reviews ------------------------------ Succefully 
2023-12-11 01:10:45,063 - INFO - Review 196 Produced Top Users ------------------------------ Succefully 
2023-12-11 01:10:47,067 - INFO - Movie 1022 Produced Top  Movies  ------------------------------ Succefully 
2023-12-11 01:10:47,067 - INFO - Review 881251143 Produced Top  Reviews ------------------------------ Succefully 
2023-12-11 01:10:47,067 - INFO - Review 196 Produced Top Users ------------------------------ Succefully 
2023-12-11 01:10:49,069 - INFO - Movie 287 Produced Top  Movies  ------------------------------ Succefully 
2023-12-11 01:10:49,070 - INFO - Review 881251884 Produced Top  Reviews ------------------------------ Succefully 
2023-12-11 01:10:49,070 - INFO - Review 196 Produced Top Users ------------------------------ Succefully 
2023-12-11 01:10:51,073 - INFO - Movie 269 Produced Top  Movies  ------------------------------ Succefully 
2023-12-11 01:10:51,073 - INFO - Review 881250949 Produced Top  Reviews ------------------------------ Succefully 
2023-12-11 01:10:51,073 - INFO - Review 196 Produced Top Users ------------------------------ Succefully 
2023-12-11 01:10:53,076 - INFO - Movie 285 Produced Top  Movies  ------------------------------ Succefully 
2023-12-11 01:10:53,076 - INFO - Review 881251753 Produced Top  Reviews ------------------------------ Succefully 
2023-12-11 01:10:53,076 - INFO - Review 196 Produced Top Users ------------------------------ Succefully 
2023-12-11 01:10:55,084 - INFO - Movie 110 Produced Top  Movies  ------------------------------ Succefully 
2023-12-11 01:10:55,084 - INFO - Review 881252305 Produced Top  Reviews ------------------------------ Succefully 
2023-12-11 01:10:55,084 - INFO - Review 196 Produced Top Users ------------------------------ Succefully 
2023-12-11 01:10:57,088 - INFO - Movie 251 Produced Top  Movies  ------------------------------ Succefully 
2023-12-11 01:10:57,088 - INFO - Review 881251274 Produced Top  Reviews ------------------------------ Succefully 
2023-12-11 01:10:57,088 - INFO - Review 196 Produced Top Users ------------------------------ Succefully 
2023-12-11 01:10:59,091 - INFO - Movie 393 Produced Top  Movies  ------------------------------ Succefully 
2023-12-11 01:10:59,091 - INFO - Review 881251863 Produced Top  Reviews ------------------------------ Succefully 
2023-12-11 01:10:59,091 - INFO - Review 196 Produced Top Users ------------------------------ Succefully 
2023-12-11 01:11:01,094 - INFO - Movie 663 Produced Top  Movies  ------------------------------ Succefully 
2023-12-11 01:11:01,094 - INFO - Review 881251911 Produced Top  Reviews ------------------------------ Succefully 
2023-12-11 01:11:01,094 - INFO - Review 196 Produced Top Users ------------------------------ Succefully 
2023-12-11 01:11:03,097 - INFO - Movie 580 Produced Top  Movies  ------------------------------ Succefully 
2023-12-11 01:11:03,097 - INFO - Review 881252056 Produced Top  Reviews ------------------------------ Succefully 
2023-12-11 01:11:03,097 - INFO - Review 196 Produced Top Users ------------------------------ Succefully 
2023-12-11 01:11:05,100 - INFO - Movie 428 Produced Top  Movies  ------------------------------ Succefully 
2023-12-11 01:11:05,100 - INFO - Review 881251702 Produced Top  Reviews ------------------------------ Succefully 
2023-12-11 01:11:05,100 - INFO - Review 196 Produced Top Users ------------------------------ Succefully 
2023-12-11 01:11:07,104 - INFO - Movie 411 Produced Top  Movies  ------------------------------ Succefully 
2023-12-11 01:11:07,104 - INFO - Review 881252090 Produced Top  Reviews ------------------------------ Succefully 
2023-12-11 01:11:07,104 - INFO - Review 196 Produced Top Users ------------------------------ Succefully 
2023-12-11 01:11:09,107 - INFO - Movie 116 Produced Top  Movies  ------------------------------ Succefully 
2023-12-11 01:11:09,107 - INFO - Review 881251753 Produced Top  Reviews ------------------------------ Succefully 
2023-12-11 01:11:09,107 - INFO - Review 196 Produced Top Users ------------------------------ Succefully 
2023-12-11 01:11:11,109 - INFO - Movie 1007 Produced Top  Movies  ------------------------------ Succefully 
2023-12-11 01:11:11,110 - INFO - Review 881251601 Produced Top  Reviews ------------------------------ Succefully 
2023-12-11 01:11:11,110 - INFO - Review 196 Produced Top Users ------------------------------ Succefully 
2023-12-11 01:11:13,112 - INFO - Movie 340 Produced Top  Movies  ------------------------------ Succefully 
2023-12-11 01:11:13,112 - INFO - Review 881251045 Produced Top  Reviews ------------------------------ Succefully 
2023-12-11 01:11:13,113 - INFO - Review 196 Produced Top Users ------------------------------ Succefully 
2023-12-11 01:11:15,115 - INFO - Movie 67 Produced Top  Movies  ------------------------------ Succefully 
2023-12-11 01:11:15,115 - INFO - Review 881252017 Produced Top  Reviews ------------------------------ Succefully 
2023-12-11 01:11:15,115 - INFO - Review 196 Produced Top Users ------------------------------ Succefully 
2023-12-11 01:11:17,121 - INFO - Movie 1118 Produced Top  Movies  ------------------------------ Succefully 
2023-12-11 01:11:17,121 - INFO - Review 881252128 Produced Top  Reviews ------------------------------ Succefully 
2023-12-11 01:11:17,121 - INFO - Review 196 Produced Top Users ------------------------------ Succefully 
2023-12-11 01:11:19,125 - INFO - Movie 108 Produced Top  Movies  ------------------------------ Succefully 
2023-12-11 01:11:19,125 - INFO - Review 881252110 Produced Top  Reviews ------------------------------ Succefully 
2023-12-11 01:11:19,125 - INFO - Review 196 Produced Top Users ------------------------------ Succefully 
2023-12-11 01:11:21,127 - INFO - Movie 1241 Produced Top  Movies  ------------------------------ Succefully 
2023-12-11 01:11:21,127 - INFO - Review 881251642 Produced Top  Reviews ------------------------------ Succefully 
2023-12-11 01:11:21,128 - INFO - Review 196 Produced Top Users ------------------------------ Succefully 
2023-12-11 01:11:23,129 - INFO - Movie 242 Produced Top  Movies  ------------------------------ Succefully 
2023-12-11 01:11:23,130 - INFO - Review 875747190 Produced Top  Reviews ------------------------------ Succefully 
2023-12-11 01:11:23,130 - INFO - Review 63 Produced Top Users ------------------------------ Succefully 
2023-12-11 01:11:25,133 - INFO - Movie 302 Produced Top  Movies  ------------------------------ Succefully 
2023-12-11 01:11:25,133 - INFO - Review 875746809 Produced Top  Reviews ------------------------------ Succefully 
2023-12-11 01:11:25,133 - INFO - Review 63 Produced Top Users ------------------------------ Succefully 
2023-12-11 01:11:27,135 - INFO - Movie 257 Produced Top  Movies  ------------------------------ Succefully 
2023-12-11 01:11:27,136 - INFO - Review 875747342 Produced Top  Reviews ------------------------------ Succefully 
2023-12-11 01:11:27,136 - INFO - Review 63 Produced Top Users ------------------------------ Succefully 
2023-12-11 01:11:29,139 - INFO - Movie 222 Produced Top  Movies  ------------------------------ Succefully 
2023-12-11 01:11:29,139 - INFO - Review 875747635 Produced Top  Reviews ------------------------------ Succefully 
2023-12-11 01:11:29,139 - INFO - Review 63 Produced Top Users ------------------------------ Succefully 
2023-12-11 01:11:31,143 - INFO - Movie 1 Produced Top  Movies  ------------------------------ Succefully 
2023-12-11 01:11:31,143 - INFO - Review 875747368 Produced Top  Reviews ------------------------------ Succefully 
2023-12-11 01:11:31,143 - INFO - Review 63 Produced Top Users ------------------------------ Succefully 
2023-12-11 01:11:33,151 - INFO - Movie 546 Produced Top  Movies  ------------------------------ Succefully 
2023-12-11 01:11:33,151 - INFO - Review 875747789 Produced Top  Reviews ------------------------------ Succefully 
2023-12-11 01:11:33,152 - INFO - Review 63 Produced Top Users ------------------------------ Succefully 
2023-12-11 01:11:35,155 - INFO - Movie 277 Produced Top  Movies  ------------------------------ Succefully 
2023-12-11 01:11:35,155 - INFO - Review 875747401 Produced Top  Reviews ------------------------------ Succefully 
2023-12-11 01:11:35,155 - INFO - Review 63 Produced Top Users ------------------------------ Succefully 
2023-12-11 01:11:37,159 - INFO - Movie 246 Produced Top  Movies  ------------------------------ Succefully 
2023-12-11 01:11:37,159 - INFO - Review 875747514 Produced Top  Reviews ------------------------------ Succefully 
2023-12-11 01:11:37,159 - INFO - Review 63 Produced Top Users ------------------------------ Succefully 
2023-12-11 01:11:39,163 - INFO - Movie 979 Produced Top  Movies  ------------------------------ Succefully 
2023-12-11 01:11:39,163 - INFO - Review 875748068 Produced Top  Reviews ------------------------------ Succefully 
2023-12-11 01:11:39,164 - INFO - Review 63 Produced Top Users ------------------------------ Succefully 
2023-12-11 01:11:41,166 - INFO - Movie 1137 Produced Top  Movies  ------------------------------ Succefully 
2023-12-11 01:11:41,167 - INFO - Review 875747556 Produced Top  Reviews ------------------------------ Succefully 
2023-12-11 01:11:41,167 - INFO - Review 63 Produced Top Users ------------------------------ Succefully 
2023-12-11 01:11:43,170 - INFO - Movie 100 Produced Top  Movies  ------------------------------ Succefully 
2023-12-11 01:11:43,170 - INFO - Review 875747319 Produced Top  Reviews ------------------------------ Succefully 
2023-12-11 01:11:43,170 - INFO - Review 63 Produced Top Users ------------------------------ Succefully 
2023-12-11 01:11:45,173 - INFO - Movie 322 Produced Top  Movies  ------------------------------ Succefully 
2023-12-11 01:11:45,173 - INFO - Review 875746986 Produced Top  Reviews ------------------------------ Succefully 
2023-12-11 01:11:45,173 - INFO - Review 63 Produced Top Users ------------------------------ Succefully 
2023-12-11 01:11:47,177 - INFO - Movie 181 Produced Top  Movies  ------------------------------ Succefully 
2023-12-11 01:11:47,177 - INFO - Review 875747556 Produced Top  Reviews ------------------------------ Succefully 
2023-12-11 01:11:47,177 - INFO - Review 63 Produced Top Users ------------------------------ Succefully 
2023-12-11 01:11:49,182 - INFO - Movie 20 Produced Top  Movies  ------------------------------ Succefully 
2023-12-11 01:11:49,182 - INFO - Review 875748004 Produced Top  Reviews ------------------------------ Succefully 
2023-12-11 01:11:49,182 - INFO - Review 63 Produced Top Users ------------------------------ Succefully 
2023-12-11 01:11:51,184 - INFO - Movie 288 Produced Top  Movies  ------------------------------ Succefully 
2023-12-11 01:11:51,184 - INFO - Review 875746948 Produced Top  Reviews ------------------------------ Succefully 
2023-12-11 01:11:51,185 - INFO - Review 63 Produced Top Users ------------------------------ Succefully 
2023-12-11 01:11:53,187 - INFO - Movie 15 Produced Top  Movies  ------------------------------ Succefully 
2023-12-11 01:11:53,188 - INFO - Review 875747439 Produced Top  Reviews ------------------------------ Succefully 
2023-12-11 01:11:53,188 - INFO - Review 63 Produced Top Users ------------------------------ Succefully 
2023-12-11 01:11:55,191 - INFO - Movie 237 Produced Top  Movies  ------------------------------ Succefully 
2023-12-11 01:11:55,192 - INFO - Review 875747342 Produced Top  Reviews ------------------------------ Succefully 
2023-12-11 01:11:55,192 - INFO - Review 63 Produced Top Users ------------------------------ Succefully 
2023-12-11 01:11:57,195 - INFO - Movie 480 Produced Top  Movies  ------------------------------ Succefully 
2023-12-11 01:11:57,195 - INFO - Review 875748245 Produced Top  Reviews ------------------------------ Succefully 
2023-12-11 01:11:57,195 - INFO - Review 63 Produced Top Users ------------------------------ Succefully 
2023-12-11 01:11:59,198 - INFO - Movie 111 Produced Top  Movies  ------------------------------ Succefully 
2023-12-11 01:11:59,198 - INFO - Review 875747896 Produced Top  Reviews ------------------------------ Succefully 
2023-12-11 01:11:59,198 - INFO - Review 63 Produced Top Users ------------------------------ Succefully 
2023-12-11 01:12:01,200 - INFO - Movie 25 Produced Top  Movies  ------------------------------ Succefully 
2023-12-11 01:12:01,201 - INFO - Review 875747292 Produced Top  Reviews ------------------------------ Succefully 
2023-12-11 01:12:01,201 - INFO - Review 63 Produced Top Users ------------------------------ Succefully 
2023-12-11 01:12:03,205 - INFO - Movie 294 Produced Top  Movies  ------------------------------ Succefully 
2023-12-11 01:12:03,205 - INFO - Review 875747047 Produced Top  Reviews ------------------------------ Succefully 
2023-12-11 01:12:03,205 - INFO - Review 63 Produced Top Users ------------------------------ Succefully 
2023-12-11 01:12:05,207 - INFO - Movie 328 Produced Top  Movies  ------------------------------ Succefully 
2023-12-11 01:12:05,207 - INFO - Review 875746985 Produced Top  Reviews ------------------------------ Succefully 
2023-12-11 01:12:05,207 - INFO - Review 63 Produced Top Users ------------------------------ Succefully 
2023-12-11 01:12:07,211 - INFO - Movie 14 Produced Top  Movies  ------------------------------ Succefully 
2023-12-11 01:12:07,211 - INFO - Review 875747401 Produced Top  Reviews ------------------------------ Succefully 
2023-12-11 01:12:07,211 - INFO - Review 63 Produced Top Users ------------------------------ Succefully 
2023-12-11 01:12:09,214 - INFO - Movie 405 Produced Top  Movies  ------------------------------ Succefully 
2023-12-11 01:12:09,215 - INFO - Review 875748109 Produced Top  Reviews ------------------------------ Succefully 
2023-12-11 01:12:09,215 - INFO - Review 63 Produced Top Users ------------------------------ Succefully 
2023-12-11 01:12:11,217 - INFO - Movie 268 Produced Top  Movies  ------------------------------ Succefully 
2023-12-11 01:12:11,217 - INFO - Review 875746809 Produced Top  Reviews ------------------------------ Succefully 
2023-12-11 01:12:11,217 - INFO - Review 63 Produced Top Users ------------------------------ Succefully 
2023-12-11 01:12:13,220 - INFO - Movie 323 Produced Top  Movies  ------------------------------ Succefully 
2023-12-11 01:12:13,220 - INFO - Review 875746986 Produced Top  Reviews ------------------------------ Succefully 
2023-12-11 01:12:13,220 - INFO - Review 63 Produced Top Users ------------------------------ Succefully 
2023-12-11 01:12:15,222 - INFO - Movie 137 Produced Top  Movies  ------------------------------ Succefully 
2023-12-11 01:12:15,223 - INFO - Review 875747368 Produced Top  Reviews ------------------------------ Succefully 
2023-12-11 01:12:15,223 - INFO - Review 63 Produced Top Users ------------------------------ Succefully 
2023-12-11 01:12:17,226 - INFO - Movie 79 Produced Top  Movies  ------------------------------ Succefully 
2023-12-11 01:12:17,226 - INFO - Review 875748245 Produced Top  Reviews ------------------------------ Succefully 
2023-12-11 01:12:17,226 - INFO - Review 63 Produced Top Users ------------------------------ Succefully 
2023-12-11 01:12:19,229 - INFO - Movie 258 Produced Top  Movies  ------------------------------ Succefully 
2023-12-11 01:12:19,229 - INFO - Review 875746809 Produced Top  Reviews ------------------------------ Succefully 
2023-12-11 01:12:19,229 - INFO - Review 63 Produced Top Users ------------------------------ Succefully 
2023-12-11 01:12:21,235 - INFO - Movie 748 Produced Top  Movies  ------------------------------ Succefully 
2023-12-11 01:12:21,235 - INFO - Review 875747010 Produced Top  Reviews ------------------------------ Succefully 
2023-12-11 01:12:21,235 - INFO - Review 63 Produced Top Users ------------------------------ Succefully 
2023-12-11 01:12:23,238 - INFO - Movie 255 Produced Top  Movies  ------------------------------ Succefully 
2023-12-11 01:12:23,238 - INFO - Review 875747556 Produced Top  Reviews ------------------------------ Succefully 
2023-12-11 01:12:23,239 - INFO - Review 63 Produced Top Users ------------------------------ Succefully 
2023-12-11 01:12:25,239 - INFO - Movie 408 Produced Top  Movies  ------------------------------ Succefully 
2023-12-11 01:12:25,240 - INFO - Review 875747242 Produced Top  Reviews ------------------------------ Succefully 
2023-12-11 01:12:25,240 - INFO - Review 63 Produced Top Users ------------------------------ Succefully 
2023-12-11 01:12:27,242 - INFO - Movie 10 Produced Top  Movies  ------------------------------ Succefully 
2023-12-11 01:12:27,243 - INFO - Review 875748004 Produced Top  Reviews ------------------------------ Succefully 
2023-12-11 01:12:27,243 - INFO - Review 63 Produced Top Users ------------------------------ Succefully 
2023-12-11 01:12:29,245 - INFO - Movie 106 Produced Top  Movies  ------------------------------ Succefully 
2023-12-11 01:12:29,245 - INFO - Review 875748139 Produced Top  Reviews ------------------------------ Succefully 
2023-12-11 01:12:29,245 - INFO - Review 63 Produced Top Users ------------------------------ Succefully 
2023-12-11 01:12:31,248 - INFO - Movie 1028 Produced Top  Movies  ------------------------------ Succefully 
2023-12-11 01:12:31,248 - INFO - Review 875748198 Produced Top  Reviews ------------------------------ Succefully 
2023-12-11 01:12:31,248 - INFO - Review 63 Produced Top Users ------------------------------ Succefully 
2023-12-11 01:12:33,252 - INFO - Movie 109 Produced Top  Movies  ------------------------------ Succefully 
2023-12-11 01:12:33,252 - INFO - Review 875747731 Produced Top  Reviews ------------------------------ Succefully 
2023-12-11 01:12:33,252 - INFO - Review 63 Produced Top Users ------------------------------ Succefully 
2023-12-11 01:12:35,256 - INFO - Movie 591 Produced Top  Movies  ------------------------------ Succefully 
2023-12-11 01:12:35,256 - INFO - Review 875747581 Produced Top  Reviews ------------------------------ Succefully 
2023-12-11 01:12:35,256 - INFO - Review 63 Produced Top Users ------------------------------ Succefully 
2023-12-11 01:12:37,259 - INFO - Movie 813 Produced Top  Movies  ------------------------------ Succefully 
2023-12-11 01:12:37,259 - INFO - Review 875747265 Produced Top  Reviews ------------------------------ Succefully 
2023-12-11 01:12:37,259 - INFO - Review 63 Produced Top Users ------------------------------ Succefully 
2023-12-11 01:12:39,262 - INFO - Movie 3 Produced Top  Movies  ------------------------------ Succefully 
2023-12-11 01:12:39,262 - INFO - Review 875748068 Produced Top  Reviews ------------------------------ Succefully 
2023-12-11 01:12:39,263 - INFO - Review 63 Produced Top Users ------------------------------ Succefully 
2023-12-11 01:12:41,267 - INFO - Movie 508 Produced Top  Movies  ------------------------------ Succefully 
2023-12-11 01:12:41,267 - INFO - Review 875747752 Produced Top  Reviews ------------------------------ Succefully 
2023-12-11 01:12:41,267 - INFO - Review 63 Produced Top Users ------------------------------ Succefully 
2023-12-11 01:12:43,270 - INFO - Movie 321 Produced Top  Movies  ------------------------------ Succefully 
2023-12-11 01:12:43,270 - INFO - Review 875746917 Produced Top  Reviews ------------------------------ Succefully 
2023-12-11 01:12:43,270 - INFO - Review 63 Produced Top Users ------------------------------ Succefully 
2023-12-11 01:12:45,273 - INFO - Movie 1067 Produced Top  Movies  ------------------------------ Succefully 
2023-12-11 01:12:45,273 - INFO - Review 875747514 Produced Top  Reviews ------------------------------ Succefully 
2023-12-11 01:12:45,273 - INFO - Review 63 Produced Top Users ------------------------------ Succefully 
2023-12-11 01:12:47,275 - INFO - Movie 678 Produced Top  Movies  ------------------------------ Succefully 
2023-12-11 01:12:47,275 - INFO - Review 875747047 Produced Top  Reviews ------------------------------ Succefully 
2023-12-11 01:12:47,275 - INFO - Review 63 Produced Top Users ------------------------------ Succefully 
2023-12-11 01:12:49,278 - INFO - Movie 333 Produced Top  Movies  ------------------------------ Succefully 
2023-12-11 01:12:49,278 - INFO - Review 875746917 Produced Top  Reviews ------------------------------ Succefully 
2023-12-11 01:12:49,278 - INFO - Review 63 Produced Top Users ------------------------------ Succefully 
2023-12-11 01:12:51,281 - INFO - Movie 286 Produced Top  Movies  ------------------------------ Succefully 
2023-12-11 01:12:51,281 - INFO - Review 875746809 Produced Top  Reviews ------------------------------ Succefully 
2023-12-11 01:12:51,281 - INFO - Review 63 Produced Top Users ------------------------------ Succefully 
2023-12-11 01:12:53,283 - INFO - Movie 250 Produced Top  Movies  ------------------------------ Succefully 
2023-12-11 01:12:53,284 - INFO - Review 875747789 Produced Top  Reviews ------------------------------ Succefully 
2023-12-11 01:12:53,284 - INFO - Review 63 Produced Top Users ------------------------------ Succefully 
2023-12-11 01:12:55,286 - INFO - Movie 325 Produced Top  Movies  ------------------------------ Succefully 
2023-12-11 01:12:55,286 - INFO - Review 875747047 Produced Top  Reviews ------------------------------ Succefully 
2023-12-11 01:12:55,286 - INFO - Review 63 Produced Top Users ------------------------------ Succefully 
2023-12-11 01:12:57,291 - INFO - Movie 259 Produced Top  Movies  ------------------------------ Succefully 
2023-12-11 01:12:57,291 - INFO - Review 875747047 Produced Top  Reviews ------------------------------ Succefully 
2023-12-11 01:12:57,292 - INFO - Review 63 Produced Top Users ------------------------------ Succefully 
2023-12-11 01:12:59,296 - INFO - Movie 596 Produced Top  Movies  ------------------------------ Succefully 
2023-12-11 01:12:59,296 - INFO - Review 875747470 Produced Top  Reviews ------------------------------ Succefully 
2023-12-11 01:12:59,296 - INFO - Review 63 Produced Top Users ------------------------------ Succefully 
2023-12-11 01:13:01,301 - INFO - Movie 475 Produced Top  Movies  ------------------------------ Succefully 
2023-12-11 01:13:01,301 - INFO - Review 875747319 Produced Top  Reviews ------------------------------ Succefully 
2023-12-11 01:13:01,301 - INFO - Review 63 Produced Top Users ------------------------------ Succefully 
2023-12-11 01:13:03,304 - INFO - Movie 50 Produced Top  Movies  ------------------------------ Succefully 
2023-12-11 01:13:03,305 - INFO - Review 875747292 Produced Top  Reviews ------------------------------ Succefully 
2023-12-11 01:13:03,305 - INFO - Review 63 Produced Top Users ------------------------------ Succefully 
2023-12-11 01:13:05,307 - INFO - Movie 289 Produced Top  Movies  ------------------------------ Succefully 
2023-12-11 01:13:05,307 - INFO - Review 875746985 Produced Top  Reviews ------------------------------ Succefully 
2023-12-11 01:13:05,307 - INFO - Review 63 Produced Top Users ------------------------------ Succefully 
2023-12-11 01:13:07,311 - INFO - Movie 762 Produced Top  Movies  ------------------------------ Succefully 
2023-12-11 01:13:07,312 - INFO - Review 875747688 Produced Top  Reviews ------------------------------ Succefully 
2023-12-11 01:13:07,312 - INFO - Review 63 Produced Top Users ------------------------------ Succefully 
2023-12-11 01:13:09,315 - INFO - Movie 150 Produced Top  Movies  ------------------------------ Succefully 
2023-12-11 01:13:09,315 - INFO - Review 875747292 Produced Top  Reviews ------------------------------ Succefully 
2023-12-11 01:13:09,315 - INFO - Review 63 Produced Top Users ------------------------------ Succefully 
2023-12-11 01:13:11,318 - INFO - Movie 306 Produced Top  Movies  ------------------------------ Succefully 
2023-12-11 01:13:11,318 - INFO - Review 875746948 Produced Top  Reviews ------------------------------ Succefully 
2023-12-11 01:13:11,318 - INFO - Review 63 Produced Top Users ------------------------------ Succefully 
